A D/2xmag_uart////
A D/CONNECT_SS////
A D/LOGGER_TEST////
A D/PROG_TEST////
A D/aident////
A D/ascent_chirp////
A D/basic_db_mote////
A D/bcast////
A D/bless_base////
A D/bless_test////
A D/bless_uart////
A D/blink////
A D/calib_test////
A D/ce////
A D/chirp////
A D/chirp_no_crc////
A D/cnt_new_comm////
A D/cnt_to_leds////
A D/cnt_to_leds_and_rfm////
A D/cnt_to_leds_prog////
A D/cnt_to_rfm////
A D/connect////
A D/connect_mac////
A D/coryhall////
A D/coryhall_base////
A D/db_base////
A D/diag////
A D/diffusion_code////
A D/diffusion_sensor////
A D/dotid////
A D/eetest////
A D/eetest2////
A D/envmon////
A D/experiment_test////
A D/gdi-2hop////
A D/gdi-comm////
A D/gdi-dog-comm////
A D/gdi-dog-norf////
A D/gdi-idle////
A D/gdi-jam////
A D/gdi-norf////
A D/gdi-rfsense////
A D/gdi-sleep////
A D/gdi1////
A D/gdi2////
A D/generic_base////
A D/generic_base-new////
A D/generic_base_dlink_stack////
A D/generic_base_high_speed////
A D/generic_sensor////
A D/ident////
A D/idf_demo////
A D/interp_base////
A D/labapp////
A D/location////
A D/location_chirp////
A D/logger_test////
A D/mag_cal////
A D/mags////
A D/mica_hardware_verify////
A D/micasb_hardware_verify////
A D/micasb_test1////
A D/micasb_test2////
A D/mote_test////
A D/multihop_count////
A D/multiprog_test////
A D/naming////
A D/narpro_base////
A D/narpro_test////
A D/neighborhood////
A D/netprog////
A D/oscilloscope////
A D/oscilloscope_RF////
A D/ping_broadcast////
A D/plane////
A D/pressure////
A D/probrouter////
A D/probrouter_light////
A D/prog_test////
A D/pursue_net_mote////
A D/radio_test////
A D/rchirp////
A D/rfm_to_leds////
A D/router////
A D/sens_to_leds////
A D/sens_to_rfm////
A D/sense////
A D/sense2////
A D/sense_and_log////
A D/sense_to_sounder////
A D/sleep_test////
A D/social////
A D/solar////
A D/sounder_test////
A D/stsp////
A D/surge_idf_demo////
A D/test_fp////
A D/test_logger////
A D/test_mate_db////
A D/test_mic////
A D/test_mica_wb////
A D/test_prog////
A D/test_rmtp////
A D/test_sense_broken////
A D/test_sounder////
A D/test_temp////
A D/test_vm////
A D/test_vm2////
A D/timer_heap////
A D/timertest////
A D/tinyalloc////
A D/tinydbtest////
A D/tinydbzapper////
A D/tone_detect////
A D/traffic////
A D/traffic_plane////
A D/transceiver////
A D/vibes_logger////
A D/wave////
R D/sounder_test////
R D/prog_test////
R D/neighborhood////
R D/logger_test////
R D/eetest2////
R D/db_base////
R D/PROG_TEST////
R D/LOGGER_TEST////
R D/CONNECT_SS////
