A D/ADC////
A D/AT45DB////
A D/CALADC////
A D/CC1000Radio////
A D/CC1000RadioAck////
A D/Deluge////
A D/Drain////
A D/Drip////
A D/I2C////
A D/MDA300CA////
A D/ProgManual////
A D/STM25P////
A D/SysClock////
A D/SystemCore////
A D/TOSComm////
A D/TOSSIM-CC2420////
A D/TOSSIM-PageEEPROM////
A D/TOSSIM-packet////
A D/TOSSIM-power////
A D/TimeSync////
A D/TinierDB////
A D/UserManual////
A D/VX////
A D/chips////
A D/lib////
A D/micaz////
A D/perlnesc////
A D/platform////
A D/sensorboards////
A D/teps////
A D/tosum////
R D/tosum////
R D/micaz////
R D/UserManual////
R D/CC1000RadioAck////
R D/CC1000Radio////
R D/CALADC////
R D/ADC////
