A D/ASKViz////
A D/GSKClientAPI////
A D/GSKCmd////
A D/GSKServer////
A D/GSKViz////
A D/amhandler////
A D/calamari////
A D/chipconRSSI////
A D/cntToLeds////
A D/deluge////
A D/demo////
A D/drain////
A D/drip////
A D/gdi////
A D/gsk////
A D/ident////
A D/magtracking////
A D/matchbox////
A D/matlab////
A D/mcenter////
A D/message////
A D/motemgr////
A D/netprog////
A D/omnisound////
A D/oscope////
A D/packet////
A D/plot////
A D/pytos////
A D/ranging////
A D/schema////
A D/script////
A D/sf////
A D/sim////
A D/social////
A D/surge////
A D/task////
A D/tests////
A D/timesync////
A D/tinydb////
A D/tools////
A D/util////
A D/util_xbow////
A D/vm_asm////
A D/xnp////
R D/util_xbow////
R D/timesync////
R D/tests////
R D/social////
R D/schema////
R D/ranging////
R D/omnisound////
R D/netprog////
R D/motemgr////
R D/magtracking////
R D/gsk////
R D/gdi////
R D/demo////
R D/cntToLeds////
R D/chipconRSSI////
R D/calamari////
R D/amhandler////
R D/GSKViz////
R D/GSKServer////
R D/GSKCmd////
R D/GSKClientAPI////
R D/ASKViz////
