A D/Blink////
A D/BlinkMany////
A D/BlinkTask////
A D/CntToIFX////
A D/CntToLedsNumbered////
A D/DistributeTS////
A D/GlowLeds////
A D/IFXToLeds////
A D/IPSNTestReceiver////
A D/IPSNTestSender////
A D/LedsIntensity////
A D/Oscilloscope////
A D/OscilloscopeRSSI////
A D/PSDemo////
A D/PSPing////
A D/RfmToLedsIFX////
A D/Sense////
A D/SenseToRfmIFX////
A D/SimpleRxTxIFX////
A D/SurgeEyesIFX////
A D/TestADC////
A D/TestADCSense////
A D/TestBattery////
A D/TestBusArbitration////
A D/TestEventReport////
A D/TestHWMult////
A D/TestLPLMac////
A D/TestNode////
A D/TestPageEEPROM////
A D/TestRadio////
A D/TestRadioModes////
A D/TestRfPowerReceiver////
A D/TestRfPowerSender////
A D/TestSeqSampleRSSI////
A D/TestSerialDump////
A D/TestSleepMode////
A D/TestSync////
A D/TestTDA5250////
A D/TestTDA5250Receive////
A D/TestTDA5250Send////
A D/TestUart////
A D/WatchdogTest////
R D/TestADCSense////
R D/SimpleRxTxIFX////
R D/SenseToRfmIFX////
R D/RfmToLedsIFX////
R D/PSPing////
R D/OscilloscopeRSSI////
R D/Oscilloscope////
R D/IPSNTestSender////
R D/IPSNTestReceiver////
R D/IFXToLeds////
R D/CntToIFX////
