A D/DelugeDemo////
A D/FormatFlash////
A D/GoldenImage////
A D/KrakenBasicNoSensors////
A D/MetricsTools////
A D/NestBasic////
A D/NullApp////
A D/PIRSensor////
A D/PingPong////
A D/SafeKraken////
A D/TOSBase////
A D/TOSBase-Nucleus////
A D/TestBat////
A D/TestClog////
A D/TestClog-NoKraken////
A D/TestDetectionEvent////
A D/TestDistributedTracking////
A D/TestLocalization////
A D/TestPIRDetect////
A D/TestPIRDetectNoReg////
A D/TestPIRSensor////
A D/TestRegistry////
A D/TestStraw////
A D/TestTrioApps////
R D/TestPIRSensor////
R D/PIRSensor////
