A D/ATmega128////
A D/ad5200////
A D/at45db////
A D/atm128////
A D/atm1281////
A D/cc1000////
A D/cc1000_lpl////
A D/cc1000_pm////
A D/cc2420////
A D/cc2420_lpl////
A D/cc2420_pm////
A D/cc2420_tkn154////
A D/ds2401////
A D/ds2745////
A D/ds2782////
A D/lis3l02dq////
A D/m16c62p////
A D/max136x////
A D/mm74hc595////
A D/mma7261qt////
A D/msp430////
A D/pxa27x////
A D/rf230////
A D/rf2xx////
A D/sht11////
A D/stm25p////
A D/tda5250////
A D/tmp175////
A D/tsl2561////
A D/xe1205////
R D/rf230////
R D/cc2420_pm////
R D/cc2420_lpl////
R D/cc1000_pm////
R D/cc1000_lpl////
R D/ATmega128////
