A D/Blink////
A D/CntToLedsAndRfm////
A D/Mep401ca_verify////
A D/Mep500ca_verify////
A D/MepTHVerify////
A D/MepWSVerify////
A D/Oscilloscope////
A D/OscilloscopeRF////
A D/RfmToLeds////
A D/Surge////
A D/Surge_Demo////
A D/Surge_Low_Power////
A D/Surge_Reliable////
A D/Surge_Reliable_Dot////
A D/Surge_Time_Sync////
A D/Surge_XMesh////
A D/TOSBase////
A D/TestSkyeReadMini////
A D/TimeSync////
A D/XGenericBase////
A D/XMesh////
A D/XSensorGGBACLTST////
A D/XSensorMDA300////
A D/XSensorMDA500////
A D/XSensorMEP401////
A D/XSensorMEP410////
A D/XSensorMEP500////
A D/XSensorMEP510////
A D/XSensorMTS101////
A D/XSensorMTS300////
A D/XSensorMTS400////
A D/XSensorMTS510////
A D/XSensorMica2////
A D/XSnifferMicaZ////
A D/XTestSnooze////
A D/Xnp////
A D/XsensorMTS500////
A D/image////
A D/xsensordot2////
R D/xsensordot2////
R D/XsensorMTS500////
R D/XGenericBase////
R D/TimeSync////
R D/MepWSVerify////
R D/MepTHVerify////
