DEBUG (0): 23542399,LED_STATE,LED2,OFF
DEBUG (0): 23542399,LED_STATE,LED1,OFF
DEBUG (0): 23542399,LED_STATE,LED0,OFF
DEBUG (0): 23542399,CPU_STATE,CPU_IDLE
DEBUG (0): 23542399,RADIO_STATE,ON
DEBUG (0): 23542499,CPU_STATE,CPU_ACTIVE
DEBUG (0): 23542699,CPU_STATE,CPU_IDLE
DEBUG (0): 2464948749,CPU_STATE,CPU_ACTIVE
DEBUG (0): 2464948949,CPU_STATE,CPU_IDLE
DEBUG (0): 2485430056,RADIO_STATE,RECV_MESSAGE,DONE,DEST:65535
DEBUG (0): 2485430056,LED_STATE,LED2,ON
DEBUG (0): 2485430056,LED_STATE,LED1,OFF
DEBUG (0): 2485430056,LED_STATE,LED0,OFF
DEBUG (0): 2504316195,RADIO_STATE,SEND_MESSAGE,ON,DEST:65535,SIZE:9,DB:0
DEBUG (0): 2511030023,RADIO_STATE,SEND_MESSAGE,OFF,DEST:65535,SIZE:9
DEBUG (0): 2524825265,RADIO_STATE,RECV_MESSAGE,DONE,DEST:65535
DEBUG (0): 2524825265,LED_STATE,LED2,ON
DEBUG (0): 2524825265,LED_STATE,LED1,OFF
DEBUG (0): 2524825265,LED_STATE,LED0,OFF
DEBUG (0): 4906354999,CPU_STATE,CPU_ACTIVE
DEBUG (0): 4906355199,CPU_STATE,CPU_IDLE
DEBUG (0): 4922896807,RADIO_STATE,RECV_MESSAGE,DONE,DEST:65535
DEBUG (0): 4922896807,LED_STATE,LED2,OFF
DEBUG (0): 4922896807,LED_STATE,LED1,ON
DEBUG (0): 4922896807,LED_STATE,LED0,OFF
DEBUG (0): 4927106831,RADIO_STATE,SEND_MESSAGE,ON,DEST:65535,SIZE:9,DB:0
DEBUG (0): 4933820659,RADIO_STATE,SEND_MESSAGE,OFF,DEST:65535,SIZE:9
DEBUG (0): 4974443450,RADIO_STATE,RECV_MESSAGE,DONE,DEST:65535
DEBUG (0): 4974443450,LED_STATE,LED2,OFF
DEBUG (0): 4974443450,LED_STATE,LED1,ON
DEBUG (0): 4974443450,LED_STATE,LED0,OFF
DEBUG (0): 4996173216,RADIO_STATE,RECV_MESSAGE,DONE,DEST:65535
DEBUG (0): 4996173216,LED_STATE,LED2,OFF
DEBUG (0): 4996173216,LED_STATE,LED1,ON
DEBUG (0): 4996173216,LED_STATE,LED0,OFF
DEBUG (0): 5005661373,RADIO_STATE,RECV_MESSAGE,DONE,DEST:65535
DEBUG (0): 5005661373,LED_STATE,LED2,OFF
DEBUG (0): 5005661373,LED_STATE,LED1,ON
DEBUG (0): 5005661373,LED_STATE,LED0,OFF
DEBUG (0): 7347761249,CPU_STATE,CPU_ACTIVE
DEBUG (0): 7347761449,CPU_STATE,CPU_IDLE
DEBUG (0): 7367902733,RADIO_STATE,SEND_MESSAGE,ON,DEST:65535,SIZE:9,DB:0
DEBUG (0): 7374616561,RADIO_STATE,SEND_MESSAGE,OFF,DEST:65535,SIZE:9
DEBUG (0): 7386490584,RADIO_STATE,RECV_MESSAGE,DONE,DEST:65535
DEBUG (0): 7386490584,LED_STATE,LED2,ON
DEBUG (0): 7386490584,LED_STATE,LED1,ON
DEBUG (0): 7386490584,LED_STATE,LED0,OFF
DEBUG (0): 9789167499,CPU_STATE,CPU_ACTIVE
DEBUG (0): 9789167699,CPU_STATE,CPU_IDLE
DEBUG (0): 9832259445,RADIO_STATE,RECV_MESSAGE,DONE,DEST:65535
DEBUG (0): 9832259445,LED_STATE,LED2,OFF
DEBUG (0): 9832259445,LED_STATE,LED1,OFF
DEBUG (0): 9832259445,LED_STATE,LED0,ON
DEBUG (0): 9843460708,RADIO_STATE,RECV_MESSAGE,DONE,DEST:65535
DEBUG (0): 9843460708,LED_STATE,LED2,OFF
DEBUG (0): 9843460708,LED_STATE,LED1,OFF
DEBUG (0): 9843460708,LED_STATE,LED0,ON
DEBUG (0): 9881024873,RADIO_STATE,SEND_MESSAGE,ON,DEST:65535,SIZE:9,DB:0
DEBUG (0): 9887738701,RADIO_STATE,SEND_MESSAGE,OFF,DEST:65535,SIZE:9
DEBUG (0): 9901963941,RADIO_STATE,RECV_MESSAGE,DONE,DEST:65535
DEBUG (0): 9901963941,LED_STATE,LED2,OFF
DEBUG (0): 9901963941,LED_STATE,LED1,OFF
DEBUG (0): 9901963941,LED_STATE,LED0,ON
DEBUG (0): 9911334160,RADIO_STATE,RECV_MESSAGE,DONE,DEST:65535
DEBUG (0): 9911334160,LED_STATE,LED2,OFF
DEBUG (0): 9911334160,LED_STATE,LED1,OFF
DEBUG (0): 9911334160,LED_STATE,LED0,ON
DEBUG (0): 12230573749,CPU_STATE,CPU_ACTIVE
DEBUG (0): 12230573949,CPU_STATE,CPU_IDLE
DEBUG (0): 12253128862,RADIO_STATE,RECV_MESSAGE,DONE,DEST:65535
DEBUG (0): 12253128862,LED_STATE,LED2,ON
DEBUG (0): 12253128862,LED_STATE,LED1,OFF
DEBUG (0): 12253128862,LED_STATE,LED0,ON
DEBUG (0): 12262464432,RADIO_STATE,SEND_MESSAGE,ON,DEST:65535,SIZE:9,DB:0
DEBUG (0): 12269178260,RADIO_STATE,SEND_MESSAGE,OFF,DEST:65535,SIZE:9
DEBUG (0): 12290027153,RADIO_STATE,RECV_MESSAGE,DONE,DEST:65535
DEBUG (0): 12290027153,LED_STATE,LED2,ON
DEBUG (0): 12290027153,LED_STATE,LED1,OFF
DEBUG (0): 12290027153,LED_STATE,LED0,ON
DEBUG (0): 12336531539,RADIO_STATE,RECV_MESSAGE,DONE,DEST:65535
DEBUG (0): 12336531539,LED_STATE,LED2,ON
DEBUG (0): 12336531539,LED_STATE,LED1,OFF
DEBUG (0): 12336531539,LED_STATE,LED0,ON
DEBUG (0): 14671979999,CPU_STATE,CPU_ACTIVE
DEBUG (0): 14671980199,CPU_STATE,CPU_IDLE
DEBUG (0): 14716355053,RADIO_STATE,RECV_MESSAGE,DONE,DEST:65535
DEBUG (0): 14716355053,LED_STATE,LED2,OFF
DEBUG (0): 14716355053,LED_STATE,LED1,ON
DEBUG (0): 14716355053,LED_STATE,LED0,ON
DEBUG (0): 14741712258,RADIO_STATE,SEND_MESSAGE,ON,DEST:65535,SIZE:9,DB:0
DEBUG (0): 14748426086,RADIO_STATE,SEND_MESSAGE,OFF,DEST:65535,SIZE:9
DEBUG (0): 14769850678,RADIO_STATE,RECV_MESSAGE,DONE,DEST:65535
DEBUG (0): 14769850678,LED_STATE,LED2,OFF
DEBUG (0): 14769850678,LED_STATE,LED1,ON
DEBUG (0): 14769850678,LED_STATE,LED0,ON
DEBUG (0): 17113386249,CPU_STATE,CPU_ACTIVE
DEBUG (0): 17113386449,CPU_STATE,CPU_IDLE
DEBUG (0): 17133562382,RADIO_STATE,RECV_MESSAGE,DONE,DEST:65535
DEBUG (0): 17133562382,LED_STATE,LED2,ON
DEBUG (0): 17133562382,LED_STATE,LED1,ON
DEBUG (0): 17133562382,LED_STATE,LED0,ON
DEBUG (0): 17147995735,RADIO_STATE,RECV_MESSAGE,DONE,DEST:65535
DEBUG (0): 17147995735,LED_STATE,LED2,ON
DEBUG (0): 17147995735,LED_STATE,LED1,ON
DEBUG (0): 17147995735,LED_STATE,LED0,ON
DEBUG (0): 17154279565,RADIO_STATE,SEND_MESSAGE,ON,DEST:65535,SIZE:9,DB:0
DEBUG (0): 17160993393,RADIO_STATE,SEND_MESSAGE,OFF,DEST:65535,SIZE:9
DEBUG (0): 19554792499,CPU_STATE,CPU_ACTIVE
DEBUG (0): 19554792699,CPU_STATE,CPU_IDLE
DEBUG (0): 19613080733,RADIO_STATE,SEND_MESSAGE,ON,DEST:65535,SIZE:9,DB:0
DEBUG (0): 19619794561,RADIO_STATE,SEND_MESSAGE,OFF,DEST:65535,SIZE:9
DEBUG (0): 19640185693,RADIO_STATE,RECV_MESSAGE,DONE,DEST:65535
DEBUG (0): 19640185693,LED_STATE,LED2,OFF
DEBUG (0): 19640185693,LED_STATE,LED1,OFF
DEBUG (0): 19640185693,LED_STATE,LED0,OFF
DEBUG (0): 19664994962,RADIO_STATE,RECV_MESSAGE,DONE,DEST:65535
DEBUG (0): 19664994962,LED_STATE,LED2,OFF
DEBUG (0): 19664994962,LED_STATE,LED1,OFF
DEBUG (0): 19664994962,LED_STATE,LED0,OFF
DEBUG (0): 21996198749,CPU_STATE,CPU_ACTIVE
DEBUG (0): 21996198949,CPU_STATE,CPU_IDLE
DEBUG (0): 22021958189,RADIO_STATE,RECV_MESSAGE,DONE,DEST:65535
DEBUG (0): 22021958189,LED_STATE,LED2,ON
DEBUG (0): 22021958189,LED_STATE,LED1,OFF
DEBUG (0): 22021958189,LED_STATE,LED0,OFF
DEBUG (0): 22039443282,RADIO_STATE,RECV_MESSAGE,DONE,DEST:65535
DEBUG (0): 22039443282,LED_STATE,LED2,ON
DEBUG (0): 22039443282,LED_STATE,LED1,OFF
DEBUG (0): 22039443282,LED_STATE,LED0,OFF
DEBUG (0): 22058093545,RADIO_STATE,RECV_MESSAGE,DONE,DEST:65535
DEBUG (0): 22058093545,LED_STATE,LED2,ON
DEBUG (0): 22058093545,LED_STATE,LED1,OFF
DEBUG (0): 22058093545,LED_STATE,LED0,OFF
DEBUG (0): 22060590463,RADIO_STATE,SEND_MESSAGE,ON,DEST:65535,SIZE:9,DB:0
DEBUG (0): 22067304291,RADIO_STATE,SEND_MESSAGE,OFF,DEST:65535,SIZE:9
DEBUG (0): 22108384843,RADIO_STATE,RECV_MESSAGE,DONE,DEST:65535
DEBUG (0): 22108384843,LED_STATE,LED2,ON
DEBUG (0): 22108384843,LED_STATE,LED1,OFF
DEBUG (0): 22108384843,LED_STATE,LED0,OFF
DEBUG (0): 24437604999,CPU_STATE,CPU_ACTIVE
DEBUG (0): 24437605199,CPU_STATE,CPU_IDLE
DEBUG (0): 24487043187,RADIO_STATE,SEND_MESSAGE,ON,DEST:65535,SIZE:9,DB:0
DEBUG (0): 24493757015,RADIO_STATE,SEND_MESSAGE,OFF,DEST:65535,SIZE:9
DEBUG (0): 24505020690,RADIO_STATE,RECV_MESSAGE,DONE,DEST:65535
DEBUG (0): 24505020690,LED_STATE,LED2,OFF
DEBUG (0): 24505020690,LED_STATE,LED1,ON
DEBUG (0): 24505020690,LED_STATE,LED0,OFF
DEBUG (0): 26879011249,CPU_STATE,CPU_ACTIVE
DEBUG (0): 26879011449,CPU_STATE,CPU_IDLE
DEBUG (0): 26968004119,RADIO_STATE,RECV_MESSAGE,DONE,DEST:65535
DEBUG (0): 26968004119,LED_STATE,LED2,ON
DEBUG (0): 26968004119,LED_STATE,LED1,ON
DEBUG (0): 26968004119,LED_STATE,LED0,OFF
DEBUG (0): 26971173797,RADIO_STATE,SEND_MESSAGE,ON,DEST:65535,SIZE:9,DB:0
DEBUG (0): 26977887625,RADIO_STATE,SEND_MESSAGE,OFF,DEST:65535,SIZE:9
DEBUG (0): 29320417499,CPU_STATE,CPU_ACTIVE
DEBUG (0): 29320417699,CPU_STATE,CPU_IDLE
DEBUG (0): 29334150329,RADIO_STATE,SEND_MESSAGE,ON,DEST:65535,SIZE:9,DB:0
DEBUG (0): 29340864157,RADIO_STATE,SEND_MESSAGE,OFF,DEST:65535,SIZE:9
DEBUG (0): 29431382897,RADIO_STATE,RECV_MESSAGE,DONE,DEST:65535
DEBUG (0): 29431382897,LED_STATE,LED2,OFF
DEBUG (0): 29431382897,LED_STATE,LED1,OFF
DEBUG (0): 29431382897,LED_STATE,LED0,ON
DEBUG (0): 31761823749,CPU_STATE,CPU_ACTIVE
DEBUG (0): 31761823949,CPU_STATE,CPU_IDLE
DEBUG (0): 31832624117,RADIO_STATE,SEND_MESSAGE,ON,DEST:65535,SIZE:9,DB:0
DEBUG (0): 31839337945,RADIO_STATE,SEND_MESSAGE,OFF,DEST:65535,SIZE:9
DEBUG (0): 34203229999,CPU_STATE,CPU_ACTIVE
DEBUG (0): 34203230199,CPU_STATE,CPU_IDLE
DEBUG (0): 34229142026,RADIO_STATE,RECV_MESSAGE,DONE,DEST:65535
DEBUG (0): 34229142026,LED_STATE,LED2,OFF
DEBUG (0): 34229142026,LED_STATE,LED1,ON
DEBUG (0): 34229142026,LED_STATE,LED0,ON
DEBUG (0): 34259597014,RADIO_STATE,RECV_MESSAGE,DONE,DEST:65535
DEBUG (0): 34259597014,LED_STATE,LED2,OFF
DEBUG (0): 34259597014,LED_STATE,LED1,ON
DEBUG (0): 34259597014,LED_STATE,LED0,ON
DEBUG (0): 34276416233,RADIO_STATE,RECV_MESSAGE,DONE,DEST:65535
DEBUG (0): 34276416233,LED_STATE,LED2,OFF
DEBUG (0): 34276416233,LED_STATE,LED1,ON
DEBUG (0): 34276416233,LED_STATE,LED0,ON
DEBUG (0): 34281507130,RADIO_STATE,SEND_MESSAGE,ON,DEST:65535,SIZE:9,DB:0
DEBUG (0): 34288220958,RADIO_STATE,SEND_MESSAGE,OFF,DEST:65535,SIZE:9
DEBUG (0): 34304735003,RADIO_STATE,RECV_MESSAGE,DONE,DEST:65535
DEBUG (0): 34304735003,LED_STATE,LED2,OFF
DEBUG (0): 34304735003,LED_STATE,LED1,ON
DEBUG (0): 34304735003,LED_STATE,LED0,ON
DEBUG (0): 36644636249,CPU_STATE,CPU_ACTIVE
DEBUG (0): 36644636449,CPU_STATE,CPU_IDLE
DEBUG (0): 36657453557,RADIO_STATE,SEND_MESSAGE,ON,DEST:65535,SIZE:9,DB:0
DEBUG (0): 36664167385,RADIO_STATE,SEND_MESSAGE,OFF,DEST:65535,SIZE:9
DEBUG (0): 36687610257,RADIO_STATE,RECV_MESSAGE,DONE,DEST:65535
DEBUG (0): 36687610257,LED_STATE,LED2,ON
DEBUG (0): 36687610257,LED_STATE,LED1,ON
DEBUG (0): 36687610257,LED_STATE,LED0,ON
DEBUG (0): 36709152787,RADIO_STATE,RECV_MESSAGE,DONE,DEST:65535
DEBUG (0): 36709152787,LED_STATE,LED2,ON
DEBUG (0): 36709152787,LED_STATE,LED1,ON
DEBUG (0): 36709152787,LED_STATE,LED0,ON
DEBUG (0): 36716691962,RADIO_STATE,RECV_MESSAGE,DONE,DEST:65535
DEBUG (0): 36716691962,LED_STATE,LED2,ON
DEBUG (0): 36716691962,LED_STATE,LED1,ON
DEBUG (0): 36716691962,LED_STATE,LED0,ON
DEBUG (0): 39086042499,CPU_STATE,CPU_ACTIVE
DEBUG (0): 39086042699,CPU_STATE,CPU_IDLE
DEBUG (0): 39196883073,RADIO_STATE,RECV_MESSAGE,DONE,DEST:65535
DEBUG (0): 39196883073,LED_STATE,LED2,OFF
DEBUG (0): 39196883073,LED_STATE,LED1,OFF
DEBUG (0): 39196883073,LED_STATE,LED0,OFF
DEBUG (0): 39203229315,RADIO_STATE,SEND_MESSAGE,ON,DEST:65535,SIZE:9,DB:0
DEBUG (0): 39209943143,RADIO_STATE,SEND_MESSAGE,OFF,DEST:65535,SIZE:9
DEBUG (0): 41527448749,CPU_STATE,CPU_ACTIVE
DEBUG (0): 41527448949,CPU_STATE,CPU_IDLE
DEBUG (0): 41572191389,RADIO_STATE,RECV_MESSAGE,DONE,DEST:65535
DEBUG (0): 41572191389,LED_STATE,LED2,ON
DEBUG (0): 41572191389,LED_STATE,LED1,OFF
DEBUG (0): 41572191389,LED_STATE,LED0,OFF
DEBUG (0): 41582810067,RADIO_STATE,RECV_MESSAGE,DONE,DEST:65535
DEBUG (0): 41582810067,LED_STATE,LED2,ON
DEBUG (0): 41582810067,LED_STATE,LED1,OFF
DEBUG (0): 41582810067,LED_STATE,LED0,OFF
DEBUG (0): 41596022724,RADIO_STATE,RECV_MESSAGE,DONE,DEST:65535
DEBUG (0): 41596022724,LED_STATE,LED2,ON
DEBUG (0): 41596022724,LED_STATE,LED1,OFF
DEBUG (0): 41596022724,LED_STATE,LED0,OFF
DEBUG (0): 41608014685,RADIO_STATE,SEND_MESSAGE,ON,DEST:65535,SIZE:9,DB:0
DEBUG (0): 41614728513,RADIO_STATE,SEND_MESSAGE,OFF,DEST:65535,SIZE:9
DEBUG (0): 43968854999,CPU_STATE,CPU_ACTIVE
DEBUG (0): 43968855199,CPU_STATE,CPU_IDLE
DEBUG (0): 43990584765,RADIO_STATE,RECV_MESSAGE,DONE,DEST:65535
DEBUG (0): 43990584765,LED_STATE,LED2,OFF
DEBUG (0): 43990584765,LED_STATE,LED1,ON
DEBUG (0): 43990584765,LED_STATE,LED0,OFF
DEBUG (0): 44055801826,RADIO_STATE,RECV_MESSAGE,DONE,DEST:65535
DEBUG (0): 44055801826,LED_STATE,LED2,OFF
DEBUG (0): 44055801826,LED_STATE,LED1,ON
DEBUG (0): 44055801826,LED_STATE,LED0,OFF
DEBUG (0): 44074597790,RADIO_STATE,SEND_MESSAGE,ON,DEST:65535,SIZE:9,DB:0
DEBUG (0): 44081311618,RADIO_STATE,SEND_MESSAGE,OFF,DEST:65535,SIZE:9
DEBUG (0): 46410261249,CPU_STATE,CPU_ACTIVE
DEBUG (0): 46410261449,CPU_STATE,CPU_IDLE
DEBUG (0): 46429244449,RADIO_STATE,RECV_MESSAGE,DONE,DEST:65535
DEBUG (0): 46429244449,LED_STATE,LED2,ON
DEBUG (0): 46429244449,LED_STATE,LED1,ON
DEBUG (0): 46429244449,LED_STATE,LED0,OFF
DEBUG (0): 46441361234,RADIO_STATE,RECV_MESSAGE,DONE,DEST:65535
DEBUG (0): 46441361234,LED_STATE,LED2,ON
DEBUG (0): 46441361234,LED_STATE,LED1,ON
DEBUG (0): 46441361234,LED_STATE,LED0,OFF
DEBUG (0): 46471788459,RADIO_STATE,RECV_MESSAGE,DONE,DEST:65535
DEBUG (0): 46471788459,LED_STATE,LED2,ON
DEBUG (0): 46471788459,LED_STATE,LED1,ON
DEBUG (0): 46471788459,LED_STATE,LED0,OFF
DEBUG (0): 46504504489,RADIO_STATE,RECV_MESSAGE,DONE,DEST:65535
DEBUG (0): 46504504489,LED_STATE,LED2,ON
DEBUG (0): 46504504489,LED_STATE,LED1,ON
DEBUG (0): 46504504489,LED_STATE,LED0,OFF
DEBUG (0): 46524701499,RADIO_STATE,SEND_MESSAGE,ON,DEST:65535,SIZE:9,DB:0
DEBUG (0): 46531415327,RADIO_STATE,SEND_MESSAGE,OFF,DEST:65535,SIZE:9
DEBUG (0): 48851667499,CPU_STATE,CPU_ACTIVE
DEBUG (0): 48851667699,CPU_STATE,CPU_IDLE
DEBUG (0): 48883253008,RADIO_STATE,SEND_MESSAGE,ON,DEST:65535,SIZE:9,DB:0
DEBUG (0): 48889966836,RADIO_STATE,SEND_MESSAGE,OFF,DEST:65535,SIZE:9
DEBUG (0): 48922349929,RADIO_STATE,RECV_MESSAGE,DONE,DEST:65535
DEBUG (0): 48922349929,LED_STATE,LED2,OFF
DEBUG (0): 48922349929,LED_STATE,LED1,OFF
DEBUG (0): 48922349929,LED_STATE,LED0,ON
DEBUG (0): 48939467436,RADIO_STATE,RECV_MESSAGE,DONE,DEST:65535
DEBUG (0): 48939467436,LED_STATE,LED2,OFF
DEBUG (0): 48939467436,LED_STATE,LED1,OFF
DEBUG (0): 48939467436,LED_STATE,LED0,ON
DEBUG (0): 48947436609,RADIO_STATE,RECV_MESSAGE,DONE,DEST:65535
DEBUG (0): 48947436609,LED_STATE,LED2,OFF
DEBUG (0): 48947436609,LED_STATE,LED1,OFF
DEBUG (0): 48947436609,LED_STATE,LED0,ON
DEBUG (0): 51293073749,CPU_STATE,CPU_ACTIVE
DEBUG (0): 51293073949,CPU_STATE,CPU_IDLE
DEBUG (0): 51309220208,RADIO_STATE,RECV_MESSAGE,DONE,DEST:65535
DEBUG (0): 51309220208,LED_STATE,LED2,ON
DEBUG (0): 51309220208,LED_STATE,LED1,OFF
DEBUG (0): 51309220208,LED_STATE,LED0,ON
DEBUG (0): 51340833480,RADIO_STATE,SEND_MESSAGE,ON,DEST:65535,SIZE:9,DB:0
DEBUG (0): 51347547308,RADIO_STATE,SEND_MESSAGE,OFF,DEST:65535,SIZE:9
DEBUG (0): 51361467374,RADIO_STATE,RECV_MESSAGE,DONE,DEST:65535
DEBUG (0): 51361467374,LED_STATE,LED2,ON
DEBUG (0): 51361467374,LED_STATE,LED1,OFF
DEBUG (0): 51361467374,LED_STATE,LED0,ON
DEBUG (0): 51374652268,RADIO_STATE,RECV_MESSAGE,DONE,DEST:65535
DEBUG (0): 51374652268,LED_STATE,LED2,ON
DEBUG (0): 51374652268,LED_STATE,LED1,OFF
DEBUG (0): 51374652268,LED_STATE,LED0,ON
DEBUG (0): 51397353082,RADIO_STATE,RECV_MESSAGE,DONE,DEST:65535
DEBUG (0): 51397353082,LED_STATE,LED2,ON
DEBUG (0): 51397353082,LED_STATE,LED1,OFF
DEBUG (0): 51397353082,LED_STATE,LED0,ON
DEBUG (0): 53734479999,CPU_STATE,CPU_ACTIVE
DEBUG (0): 53734480199,CPU_STATE,CPU_IDLE
DEBUG (0): 53767196029,RADIO_STATE,RECV_MESSAGE,DONE,DEST:65535
DEBUG (0): 53767196029,LED_STATE,LED2,OFF
DEBUG (0): 53767196029,LED_STATE,LED1,ON
DEBUG (0): 53767196029,LED_STATE,LED0,ON
DEBUG (0): 53778064355,RADIO_STATE,RECV_MESSAGE,DONE,DEST:65535
DEBUG (0): 53778064355,LED_STATE,LED2,OFF
DEBUG (0): 53778064355,LED_STATE,LED1,ON
DEBUG (0): 53778064355,LED_STATE,LED0,ON
DEBUG (0): 53804857255,RADIO_STATE,RECV_MESSAGE,DONE,DEST:65535
DEBUG (0): 53804857255,LED_STATE,LED2,OFF
DEBUG (0): 53804857255,LED_STATE,LED1,ON
DEBUG (0): 53804857255,LED_STATE,LED0,ON
DEBUG (0): 53835617417,RADIO_STATE,RECV_MESSAGE,DONE,DEST:65535
DEBUG (0): 53835617417,LED_STATE,LED2,OFF
DEBUG (0): 53835617417,LED_STATE,LED1,ON
DEBUG (0): 53835617417,LED_STATE,LED0,ON
DEBUG (0): 53859448752,RADIO_STATE,SEND_MESSAGE,ON,DEST:65535,SIZE:9,DB:0
DEBUG (0): 53866162580,RADIO_STATE,SEND_MESSAGE,OFF,DEST:65535,SIZE:9
DEBUG (0): 56175886249,CPU_STATE,CPU_ACTIVE
DEBUG (0): 56175886449,CPU_STATE,CPU_IDLE
DEBUG (0): 56198503774,RADIO_STATE,RECV_MESSAGE,DONE,DEST:65535
DEBUG (0): 56198503774,LED_STATE,LED2,ON
DEBUG (0): 56198503774,LED_STATE,LED1,ON
DEBUG (0): 56198503774,LED_STATE,LED0,ON
DEBUG (0): 56208817278,RADIO_STATE,RECV_MESSAGE,DONE,DEST:65535
DEBUG (0): 56208817278,LED_STATE,LED2,ON
DEBUG (0): 56208817278,LED_STATE,LED1,ON
DEBUG (0): 56208817278,LED_STATE,LED0,ON
DEBUG (0): 56249835418,RADIO_STATE,RECV_MESSAGE,DONE,DEST:65535
DEBUG (0): 56249835418,LED_STATE,LED2,ON
DEBUG (0): 56249835418,LED_STATE,LED1,ON
DEBUG (0): 56249835418,LED_STATE,LED0,ON
DEBUG (0): 56274304864,RADIO_STATE,SEND_MESSAGE,ON,DEST:65535,SIZE:9,DB:0
DEBUG (0): 56281018692,RADIO_STATE,SEND_MESSAGE,OFF,DEST:65535,SIZE:9
DEBUG (0): 58617292499,CPU_STATE,CPU_ACTIVE
DEBUG (0): 58617292699,CPU_STATE,CPU_IDLE
DEBUG (0): 58639084677,RADIO_STATE,RECV_MESSAGE,DONE,DEST:65535
DEBUG (0): 58639084677,LED_STATE,LED2,OFF
DEBUG (0): 58639084677,LED_STATE,LED1,OFF
DEBUG (0): 58639084677,LED_STATE,LED0,OFF
DEBUG (0): 58657027531,RADIO_STATE,RECV_MESSAGE,DONE,DEST:65535
DEBUG (0): 58657027531,LED_STATE,LED2,OFF
DEBUG (0): 58657027531,LED_STATE,LED1,OFF
DEBUG (0): 58657027531,LED_STATE,LED0,OFF
DEBUG (0): 58663221186,RADIO_STATE,SEND_MESSAGE,ON,DEST:65535,SIZE:9,DB:0
DEBUG (0): 58669935014,RADIO_STATE,SEND_MESSAGE,OFF,DEST:65535,SIZE:9
DEBUG (0): 58710100044,RADIO_STATE,RECV_MESSAGE,DONE,DEST:65535
DEBUG (0): 58710100044,LED_STATE,LED2,OFF
DEBUG (0): 58710100044,LED_STATE,LED1,OFF
DEBUG (0): 58710100044,LED_STATE,LED0,OFF
DEBUG (0): 58731677223,RADIO_STATE,RECV_MESSAGE,DONE,DEST:65535
DEBUG (0): 58731677223,LED_STATE,LED2,OFF
DEBUG (0): 58731677223,LED_STATE,LED1,OFF
DEBUG (0): 58731677223,LED_STATE,LED0,OFF
DEBUG (0): 61058698749,CPU_STATE,CPU_ACTIVE
DEBUG (0): 61058698949,CPU_STATE,CPU_IDLE
DEBUG (0): 61086989756,RADIO_STATE,RECV_MESSAGE,DONE,DEST:65535
DEBUG (0): 61086989756,LED_STATE,LED2,ON
DEBUG (0): 61086989756,LED_STATE,LED1,OFF
DEBUG (0): 61086989756,LED_STATE,LED0,OFF
DEBUG (0): 61096880148,RADIO_STATE,RECV_MESSAGE,DONE,DEST:65535
DEBUG (0): 61096880148,LED_STATE,LED2,ON
DEBUG (0): 61096880148,LED_STATE,LED1,OFF
DEBUG (0): 61096880148,LED_STATE,LED0,OFF
DEBUG (0): 61103808975,RADIO_STATE,RECV_MESSAGE,DONE,DEST:65535
DEBUG (0): 61103808975,LED_STATE,LED2,ON
DEBUG (0): 61103808975,LED_STATE,LED1,OFF
DEBUG (0): 61103808975,LED_STATE,LED0,OFF
DEBUG (0): 61144147469,RADIO_STATE,SEND_MESSAGE,ON,DEST:65535,SIZE:9,DB:0
DEBUG (0): 61150861297,RADIO_STATE,SEND_MESSAGE,OFF,DEST:65535,SIZE:9
DEBUG (0): 61187149240,RADIO_STATE,RECV_MESSAGE,DONE,DEST:65535
DEBUG (0): 61187149240,LED_STATE,LED2,ON
DEBUG (0): 61187149240,LED_STATE,LED1,OFF
DEBUG (0): 61187149240,LED_STATE,LED0,OFF
DEBUG (0): 63500104999,CPU_STATE,CPU_ACTIVE
DEBUG (0): 63500105199,CPU_STATE,CPU_IDLE
DEBUG (0): 63555341493,RADIO_STATE,SEND_MESSAGE,ON,DEST:65535,SIZE:9,DB:0
DEBUG (0): 63562055321,RADIO_STATE,SEND_MESSAGE,OFF,DEST:65535,SIZE:9
DEBUG (0): 65941511249,CPU_STATE,CPU_ACTIVE
DEBUG (0): 65941511449,CPU_STATE,CPU_IDLE
DEBUG (0): 65979449886,RADIO_STATE,RECV_MESSAGE,DONE,DEST:65535
DEBUG (0): 65979449886,LED_STATE,LED2,ON
DEBUG (0): 65979449886,LED_STATE,LED1,ON
DEBUG (0): 65979449886,LED_STATE,LED0,OFF
DEBUG (0): 65998731374,RADIO_STATE,SEND_MESSAGE,ON,DEST:65535,SIZE:9,DB:0
DEBUG (0): 66005445202,RADIO_STATE,SEND_MESSAGE,OFF,DEST:65535,SIZE:9
DEBUG (0): 66022964944,RADIO_STATE,RECV_MESSAGE,DONE,DEST:65535
DEBUG (0): 66022964944,LED_STATE,LED2,ON
DEBUG (0): 66022964944,LED_STATE,LED1,ON
DEBUG (0): 66022964944,LED_STATE,LED0,OFF
DEBUG (0): 66039201578,RADIO_STATE,RECV_MESSAGE,DONE,DEST:65535
DEBUG (0): 66039201578,LED_STATE,LED2,ON
DEBUG (0): 66039201578,LED_STATE,LED1,ON
DEBUG (0): 66039201578,LED_STATE,LED0,OFF
DEBUG (0): 66049605257,RADIO_STATE,RECV_MESSAGE,DONE,DEST:65535
DEBUG (0): 66049605257,LED_STATE,LED2,ON
DEBUG (0): 66049605257,LED_STATE,LED1,ON
DEBUG (0): 66049605257,LED_STATE,LED0,OFF
DEBUG (0): 68382917499,CPU_STATE,CPU_ACTIVE
DEBUG (0): 68382917699,CPU_STATE,CPU_IDLE
DEBUG (0): 68419878202,RADIO_STATE,RECV_MESSAGE,DONE,DEST:65535
DEBUG (0): 68419878202,LED_STATE,LED2,OFF
DEBUG (0): 68419878202,LED_STATE,LED1,OFF
DEBUG (0): 68419878202,LED_STATE,LED0,ON
DEBUG (0): 68426682205,RADIO_STATE,RECV_MESSAGE,DONE,DEST:65535
DEBUG (0): 68426682205,LED_STATE,LED2,OFF
DEBUG (0): 68426682205,LED_STATE,LED1,OFF
DEBUG (0): 68426682205,LED_STATE,LED0,ON
DEBUG (0): 68475905394,RADIO_STATE,RECV_MESSAGE,DONE,DEST:65535
DEBUG (0): 68475905394,LED_STATE,LED2,OFF
DEBUG (0): 68475905394,LED_STATE,LED1,OFF
DEBUG (0): 68475905394,LED_STATE,LED0,ON
DEBUG (0): 68481793875,RADIO_STATE,SEND_MESSAGE,ON,DEST:65535,SIZE:9,DB:0
DEBUG (0): 68488507703,RADIO_STATE,SEND_MESSAGE,OFF,DEST:65535,SIZE:9
DEBUG (0): 68498065158,RADIO_STATE,RECV_MESSAGE,DONE,DEST:65535
DEBUG (0): 68498065158,LED_STATE,LED2,OFF
DEBUG (0): 68498065158,LED_STATE,LED1,OFF
DEBUG (0): 68498065158,LED_STATE,LED0,ON
DEBUG (0): 70824323749,CPU_STATE,CPU_ACTIVE
DEBUG (0): 70824323949,CPU_STATE,CPU_IDLE
DEBUG (0): 70845352992,RADIO_STATE,RECV_MESSAGE,DONE,DEST:65535
DEBUG (0): 70845352992,LED_STATE,LED2,ON
DEBUG (0): 70845352992,LED_STATE,LED1,OFF
DEBUG (0): 70845352992,LED_STATE,LED0,ON
DEBUG (0): 70861464802,RADIO_STATE,RECV_MESSAGE,DONE,DEST:65535
DEBUG (0): 70861464802,LED_STATE,LED2,ON
DEBUG (0): 70861464802,LED_STATE,LED1,OFF
DEBUG (0): 70861464802,LED_STATE,LED0,ON
DEBUG (0): 70867048109,RADIO_STATE,SEND_MESSAGE,ON,DEST:65535,SIZE:9,DB:0
DEBUG (0): 70873761937,RADIO_STATE,SEND_MESSAGE,OFF,DEST:65535,SIZE:9
DEBUG (0): 70904008812,RADIO_STATE,RECV_MESSAGE,DONE,DEST:65535
DEBUG (0): 70904008812,LED_STATE,LED2,ON
DEBUG (0): 70904008812,LED_STATE,LED1,OFF
DEBUG (0): 70904008812,LED_STATE,LED0,ON
DEBUG (0): 70913379031,RADIO_STATE,RECV_MESSAGE,DONE,DEST:65535
DEBUG (0): 70913379031,LED_STATE,LED2,ON
DEBUG (0): 70913379031,LED_STATE,LED1,OFF
DEBUG (0): 70913379031,LED_STATE,LED0,ON
DEBUG (0): 73265729999,CPU_STATE,CPU_ACTIVE
DEBUG (0): 73265730199,CPU_STATE,CPU_IDLE
DEBUG (0): 73290879091,RADIO_STATE,RECV_MESSAGE,DONE,DEST:65535
DEBUG (0): 73290879091,LED_STATE,LED2,OFF
DEBUG (0): 73290879091,LED_STATE,LED1,ON
DEBUG (0): 73290879091,LED_STATE,LED0,ON
DEBUG (0): 73302080354,RADIO_STATE,RECV_MESSAGE,DONE,DEST:65535
DEBUG (0): 73302080354,LED_STATE,LED2,OFF
DEBUG (0): 73302080354,LED_STATE,LED1,ON
DEBUG (0): 73302080354,LED_STATE,LED0,ON
DEBUG (0): 73325911689,RADIO_STATE,RECV_MESSAGE,DONE,DEST:65535
DEBUG (0): 73325911689,LED_STATE,LED2,OFF
DEBUG (0): 73325911689,LED_STATE,LED1,ON
DEBUG (0): 73325911689,LED_STATE,LED0,ON
DEBUG (0): 73330121713,RADIO_STATE,SEND_MESSAGE,ON,DEST:65535,SIZE:9,DB:0
DEBUG (0): 73336835541,RADIO_STATE,SEND_MESSAGE,OFF,DEST:65535,SIZE:9
DEBUG (0): 73380725071,RADIO_STATE,RECV_MESSAGE,DONE,DEST:65535
DEBUG (0): 73380725071,LED_STATE,LED2,OFF
DEBUG (0): 73380725071,LED_STATE,LED1,ON
DEBUG (0): 73380725071,LED_STATE,LED0,ON
DEBUG (0): 75707136249,CPU_STATE,CPU_ACTIVE
DEBUG (0): 75707136449,CPU_STATE,CPU_IDLE
DEBUG (0): 75778241791,RADIO_STATE,SEND_MESSAGE,ON,DEST:65535,SIZE:9,DB:0
DEBUG (0): 75784955619,RADIO_STATE,SEND_MESSAGE,OFF,DEST:65535,SIZE:9
DEBUG (0): 78148542499,CPU_STATE,CPU_ACTIVE
DEBUG (0): 78148542699,CPU_STATE,CPU_IDLE
DEBUG (0): 78263135336,RADIO_STATE,SEND_MESSAGE,ON,DEST:65535,SIZE:9,DB:0
DEBUG (0): 78269849164,RADIO_STATE,SEND_MESSAGE,OFF,DEST:65535,SIZE:9
DEBUG (0): 80589948749,CPU_STATE,CPU_ACTIVE
DEBUG (0): 80589948949,CPU_STATE,CPU_IDLE
DEBUG (0): 80617476821,RADIO_STATE,RECV_MESSAGE,DONE,DEST:65535
DEBUG (0): 80617476821,LED_STATE,LED2,ON
DEBUG (0): 80617476821,LED_STATE,LED1,OFF
DEBUG (0): 80617476821,LED_STATE,LED0,OFF
DEBUG (0): 80643298673,RADIO_STATE,RECV_MESSAGE,DONE,DEST:65535
DEBUG (0): 80643298673,LED_STATE,LED2,ON
DEBUG (0): 80643298673,LED_STATE,LED1,OFF
DEBUG (0): 80643298673,LED_STATE,LED0,OFF
DEBUG (0): 80669293989,RADIO_STATE,SEND_MESSAGE,ON,DEST:65535,SIZE:9,DB:0
DEBUG (0): 80676007817,RADIO_STATE,SEND_MESSAGE,OFF,DEST:65535,SIZE:9
DEBUG (0): 83031354999,CPU_STATE,CPU_ACTIVE
DEBUG (0): 83031355199,CPU_STATE,CPU_IDLE
DEBUG (0): 83064161204,RADIO_STATE,SEND_MESSAGE,ON,DEST:65535,SIZE:9,DB:0
DEBUG (0): 83070875032,RADIO_STATE,SEND_MESSAGE,OFF,DEST:65535,SIZE:9
DEBUG (0): 83080092664,RADIO_STATE,RECV_MESSAGE,DONE,DEST:65535
DEBUG (0): 83080092664,LED_STATE,LED2,OFF
DEBUG (0): 83080092664,LED_STATE,LED1,ON
DEBUG (0): 83080092664,LED_STATE,LED0,OFF
DEBUG (0): 83098742927,RADIO_STATE,RECV_MESSAGE,DONE,DEST:65535
DEBUG (0): 83098742927,LED_STATE,LED2,OFF
DEBUG (0): 83098742927,LED_STATE,LED1,ON
DEBUG (0): 83098742927,LED_STATE,LED0,OFF
DEBUG (0): 83112718519,RADIO_STATE,RECV_MESSAGE,DONE,DEST:65535
DEBUG (0): 83112718519,LED_STATE,LED2,OFF
DEBUG (0): 83112718519,LED_STATE,LED1,ON
DEBUG (0): 83112718519,LED_STATE,LED0,OFF
DEBUG (0): 83133255352,RADIO_STATE,RECV_MESSAGE,DONE,DEST:65535
DEBUG (0): 83133255352,LED_STATE,LED2,OFF
DEBUG (0): 83133255352,LED_STATE,LED1,ON
DEBUG (0): 83133255352,LED_STATE,LED0,OFF
DEBUG (0): 85472761249,CPU_STATE,CPU_ACTIVE
DEBUG (0): 85472761449,CPU_STATE,CPU_IDLE
DEBUG (0): 85503986058,RADIO_STATE,RECV_MESSAGE,DONE,DEST:65535
DEBUG (0): 85503986058,LED_STATE,LED2,ON
DEBUG (0): 85503986058,LED_STATE,LED1,ON
DEBUG (0): 85503986058,LED_STATE,LED0,OFF
DEBUG (0): 85541182637,RADIO_STATE,RECV_MESSAGE,DONE,DEST:65535
DEBUG (0): 85541182637,LED_STATE,LED2,ON
DEBUG (0): 85541182637,LED_STATE,LED1,ON
DEBUG (0): 85541182637,LED_STATE,LED0,OFF
DEBUG (0): 85557447034,RADIO_STATE,SEND_MESSAGE,ON,DEST:65535,SIZE:9,DB:0
DEBUG (0): 85564160862,RADIO_STATE,SEND_MESSAGE,OFF,DEST:65535,SIZE:9
DEBUG (0): 87914167499,CPU_STATE,CPU_ACTIVE
DEBUG (0): 87914167699,CPU_STATE,CPU_IDLE
DEBUG (0): 87983136823,RADIO_STATE,SEND_MESSAGE,ON,DEST:65535,SIZE:9,DB:0
DEBUG (0): 87989850651,RADIO_STATE,SEND_MESSAGE,OFF,DEST:65535,SIZE:9
DEBUG (0): 90355573749,CPU_STATE,CPU_ACTIVE
DEBUG (0): 90355573949,CPU_STATE,CPU_IDLE
DEBUG (0): 90381305426,RADIO_STATE,RECV_MESSAGE,DONE,DEST:65535
DEBUG (0): 90381305426,LED_STATE,LED2,ON
DEBUG (0): 90381305426,LED_STATE,LED1,OFF
DEBUG (0): 90381305426,LED_STATE,LED0,ON
DEBUG (0): 90403978477,RADIO_STATE,RECV_MESSAGE,DONE,DEST:65535
DEBUG (0): 90403978477,LED_STATE,LED2,ON
DEBUG (0): 90403978477,LED_STATE,LED1,OFF
DEBUG (0): 90403978477,LED_STATE,LED0,ON
DEBUG (0): 90426374117,RADIO_STATE,SEND_MESSAGE,ON,DEST:65535,SIZE:9,DB:0
DEBUG (0): 90433087945,RADIO_STATE,SEND_MESSAGE,OFF,DEST:65535,SIZE:9
DEBUG (0): 90452286144,RADIO_STATE,RECV_MESSAGE,DONE,DEST:65535
DEBUG (0): 90452286144,LED_STATE,LED2,ON
DEBUG (0): 90452286144,LED_STATE,LED1,OFF
DEBUG (0): 90452286144,LED_STATE,LED0,ON
DEBUG (0): 90471907455,RADIO_STATE,RECV_MESSAGE,DONE,DEST:65535
DEBUG (0): 90471907455,LED_STATE,LED2,ON
DEBUG (0): 90471907455,LED_STATE,LED1,OFF
DEBUG (0): 90471907455,LED_STATE,LED0,ON
DEBUG (0): 92796979999,CPU_STATE,CPU_ACTIVE
DEBUG (0): 92796980199,CPU_STATE,CPU_IDLE
DEBUG (0): 92848526642,RADIO_STATE,RECV_MESSAGE,DONE,DEST:65535
DEBUG (0): 92848526642,LED_STATE,LED2,OFF
DEBUG (0): 92848526642,LED_STATE,LED1,ON
DEBUG (0): 92848526642,LED_STATE,LED0,ON
DEBUG (0): 92855573407,RADIO_STATE,SEND_MESSAGE,ON,DEST:65535,SIZE:9,DB:0
DEBUG (0): 92862287235,RADIO_STATE,SEND_MESSAGE,OFF,DEST:65535,SIZE:9
DEBUG (0): 92872572976,RADIO_STATE,RECV_MESSAGE,DONE,DEST:65535
DEBUG (0): 92872572976,LED_STATE,LED2,OFF
DEBUG (0): 92872572976,LED_STATE,LED1,ON
DEBUG (0): 92872572976,LED_STATE,LED0,ON
DEBUG (0): 92900378459,RADIO_STATE,RECV_MESSAGE,DONE,DEST:65535
DEBUG (0): 92900378459,LED_STATE,LED2,OFF
DEBUG (0): 92900378459,LED_STATE,LED1,ON
DEBUG (0): 92900378459,LED_STATE,LED0,ON
DEBUG (0): 92909013506,RADIO_STATE,RECV_MESSAGE,DONE,DEST:65535
DEBUG (0): 92909013506,LED_STATE,LED2,OFF
DEBUG (0): 92909013506,LED_STATE,LED1,ON
DEBUG (0): 92909013506,LED_STATE,LED0,ON
DEBUG (0): 95238386249,CPU_STATE,CPU_ACTIVE
DEBUG (0): 95238386449,CPU_STATE,CPU_IDLE
DEBUG (0): 95298235002,RADIO_STATE,RECV_MESSAGE,DONE,DEST:65535
DEBUG (0): 95298235002,LED_STATE,LED2,ON
DEBUG (0): 95298235002,LED_STATE,LED1,ON
DEBUG (0): 95298235002,LED_STATE,LED0,ON
DEBUG (0): 95302167615,RADIO_STATE,SEND_MESSAGE,ON,DEST:65535,SIZE:9,DB:0
DEBUG (0): 95308881443,RADIO_STATE,SEND_MESSAGE,OFF,DEST:65535,SIZE:9
DEBUG (0): 95344836449,RADIO_STATE,RECV_MESSAGE,DONE,DEST:65535
DEBUG (0): 95344836449,LED_STATE,LED2,ON
DEBUG (0): 95344836449,LED_STATE,LED1,ON
DEBUG (0): 95344836449,LED_STATE,LED0,ON
DEBUG (0): 97679792499,CPU_STATE,CPU_ACTIVE
DEBUG (0): 97679792699,CPU_STATE,CPU_IDLE
DEBUG (0): 97728072403,RADIO_STATE,RECV_MESSAGE,DONE,DEST:65535
DEBUG (0): 97728072403,LED_STATE,LED2,OFF
DEBUG (0): 97728072403,LED_STATE,LED1,OFF
DEBUG (0): 97728072403,LED_STATE,LED0,OFF
DEBUG (0): 97780839742,RADIO_STATE,RECV_MESSAGE,DONE,DEST:65535
DEBUG (0): 97780839742,LED_STATE,LED2,OFF
DEBUG (0): 97780839742,LED_STATE,LED1,OFF
DEBUG (0): 97780839742,LED_STATE,LED0,OFF
DEBUG (0): 97784924942,RADIO_STATE,SEND_MESSAGE,ON,DEST:65535,SIZE:9,DB:0
DEBUG (0): 97791638770,RADIO_STATE,SEND_MESSAGE,OFF,DEST:65535,SIZE:9
