DEBUG (0): 23542399,LED_STATE,LED2,ON
DEBUG (0): 23542399,LED_STATE,LED1,ON
DEBUG (0): 23542399,LED_STATE,LED0,ON
DEBUG (0): 23542399,LED_STATE,LED0,OFF
DEBUG (0): 23542399,LED_STATE,LED1,OFF
DEBUG (0): 23542399,LED_STATE,LED2,OFF
DEBUG (0): 23542399,CPU_STATE,CPU_POWER_DOWN
DEBUG (0): 23542399,RADIO_STATE,ON
DEBUG (0): 23542399,CPU_STATE,CPU_ACTIVE
DEBUG (0): 23542399,CPU_STATE,CPU_POWER_DOWN
DEBUG (0): 23542499,CPU_STATE,CPU_ACTIVE
DEBUG (0): 23542599,CPU_STATE,CPU_POWER_DOWN
DEBUG (0): 97679792499,CPU_STATE,CPU_ACTIVE
DEBUG (0): 97679792699,CPU_STATE,CPU_ACTIVE
DEBUG (0): 97679792899,CPU_STATE,CPU_POWER_DOWN
DEBUG (0): 97699018761,RADIO_STATE,SEND_MESSAGE,ON,DEST:65535,SIZE:35,DB:0
DEBUG (0): 97713667113,RADIO_STATE,SEND_MESSAGE,OFF,DEST:65535,SIZE:35
DEBUG (0): 97715345670,CPU_STATE,CPU_ACTIVE
DEBUG (0): 97715345770,CPU_STATE,CPU_POWER_DOWN
DEBUG (0): 97783094298,RADIO_STATE,RECV_MESSAGE,DONE,DEST:65535
DEBUG (0): 97826123832,RADIO_STATE,RECV_MESSAGE,DONE,DEST:65535
DEBUG (0): 98148339948,RADIO_STATE,RECV_MESSAGE,DONE,DEST:0
DEBUG (0): 98148340048,CPU_STATE,CPU_ACTIVE
DEBUG (0): 98148340248,CPU_STATE,CPU_POWER_DOWN
DEBUG (0): 98239587074,RADIO_STATE,SEND_MESSAGE,ON,DEST:2,SIZE:35,DB:40611
DEBUG (0): 98259423384,RADIO_STATE,SEND_MESSAGE,OFF,DEST:2,SIZE:35
DEBUG (0): 195795026874,CPU_STATE,CPU_ACTIVE
DEBUG (0): 195795027074,CPU_STATE,CPU_ACTIVE
DEBUG (0): 195795027274,CPU_STATE,CPU_POWER_DOWN
DEBUG (0): 195809675526,RADIO_STATE,SEND_MESSAGE,ON,DEST:2,SIZE:35,DB:0
DEBUG (0): 195824323878,RADIO_STATE,SEND_MESSAGE,OFF,DEST:2,SIZE:35
DEBUG (0): 195826002435,CPU_STATE,CPU_ACTIVE
DEBUG (0): 195826002535,CPU_STATE,CPU_POWER_DOWN
DEBUG (0): 196090436106,RADIO_STATE,RECV_MESSAGE,DONE,DEST:0
DEBUG (0): 196090436206,CPU_STATE,CPU_ACTIVE
DEBUG (0): 196090436306,CPU_STATE,CPU_POWER_DOWN
DEBUG (0): 196090436316,RADIO_STATE,OFF
DEBUG (0): 293744245624,CPU_STATE,CPU_ACTIVE
DEBUG (0): 293744245824,CPU_STATE,CPU_ACTIVE
DEBUG (0): 293744246024,CPU_STATE,CPU_POWER_DOWN
DEBUG (0): 293814741118,RADIO_STATE,SEND_MESSAGE,ON,DEST:2,SIZE:35,DB:0
DEBUG (0): 293829389470,RADIO_STATE,SEND_MESSAGE,OFF,DEST:2,SIZE:35
DEBUG (0): 293831068027,CPU_STATE,CPU_ACTIVE
DEBUG (0): 293831068127,CPU_STATE,CPU_POWER_DOWN
DEBUG (0): 294178051265,RADIO_STATE,RECV_MESSAGE,DONE,DEST:0
DEBUG (0): 294178051365,CPU_STATE,CPU_ACTIVE
DEBUG (0): 294178051465,CPU_STATE,CPU_POWER_DOWN
DEBUG (0): 391830183124,CPU_STATE,CPU_ACTIVE
DEBUG (0): 391830183324,CPU_STATE,CPU_ACTIVE
DEBUG (0): 391830183524,CPU_STATE,CPU_POWER_DOWN
DEBUG (0): 391855970627,RADIO_STATE,SEND_MESSAGE,ON,DEST:2,SIZE:35,DB:0
DEBUG (0): 391870618979,RADIO_STATE,SEND_MESSAGE,OFF,DEST:2,SIZE:35
DEBUG (0): 391872297536,CPU_STATE,CPU_ACTIVE
DEBUG (0): 391872297636,CPU_STATE,CPU_POWER_DOWN
DEBUG (0): 395287214374,CPU_STATE,CPU_ACTIVE
DEBUG (0): 395287214574,CPU_STATE,CPU_ACTIVE
DEBUG (0): 395287214674,CPU_STATE,CPU_POWER_DOWN
DEBUG (0): 395330854356,RADIO_STATE,SEND_MESSAGE,ON,DEST:2,SIZE:35,DB:0
DEBUG (0): 395345502708,RADIO_STATE,SEND_MESSAGE,OFF,DEST:2,SIZE:35
DEBUG (0): 395347181265,CPU_STATE,CPU_ACTIVE
DEBUG (0): 395347181365,CPU_STATE,CPU_POWER_DOWN
DEBUG (0): 395769237307,RADIO_STATE,RECV_MESSAGE,DONE,DEST:0
DEBUG (0): 395769237407,CPU_STATE,CPU_ACTIVE
DEBUG (0): 395769237507,CPU_STATE,CPU_POWER_DOWN
DEBUG (0): 395769237517,RADIO_STATE,OFF
DEBUG (0): 493421979999,CPU_STATE,CPU_ACTIVE
DEBUG (0): 493421980199,CPU_STATE,CPU_ACTIVE
DEBUG (0): 493421980399,CPU_STATE,CPU_POWER_DOWN
DEBUG (0): 493516431652,RADIO_STATE,SEND_MESSAGE,ON,DEST:2,SIZE:35,DB:0
DEBUG (0): 493531080004,RADIO_STATE,SEND_MESSAGE,OFF,DEST:2,SIZE:35
DEBUG (0): 493532758561,CPU_STATE,CPU_ACTIVE
DEBUG (0): 493532758661,CPU_STATE,CPU_POWER_DOWN
DEBUG (0): 496947370624,CPU_STATE,CPU_ACTIVE
DEBUG (0): 496947370824,CPU_STATE,CPU_ACTIVE
DEBUG (0): 496947370924,CPU_STATE,CPU_POWER_DOWN
DEBUG (0): 497026868551,RADIO_STATE,SEND_MESSAGE,ON,DEST:2,SIZE:35,DB:0
DEBUG (0): 497041516903,RADIO_STATE,SEND_MESSAGE,OFF,DEST:2,SIZE:35
DEBUG (0): 497043195460,CPU_STATE,CPU_ACTIVE
DEBUG (0): 497043195560,CPU_STATE,CPU_POWER_DOWN
DEBUG (0): 497420696098,RADIO_STATE,RECV_MESSAGE,DONE,DEST:0
DEBUG (0): 497420696198,CPU_STATE,CPU_ACTIVE
DEBUG (0): 497420696298,CPU_STATE,CPU_POWER_DOWN
DEBUG (0): 595072370624,CPU_STATE,CPU_ACTIVE
DEBUG (0): 595072370824,CPU_STATE,CPU_ACTIVE
DEBUG (0): 595072371024,CPU_STATE,CPU_POWER_DOWN
DEBUG (0): 595141035074,RADIO_STATE,SEND_MESSAGE,ON,DEST:2,SIZE:35,DB:0
DEBUG (0): 595155683426,RADIO_STATE,SEND_MESSAGE,OFF,DEST:2,SIZE:35
DEBUG (0): 595157361983,CPU_STATE,CPU_ACTIVE
DEBUG (0): 595157362083,CPU_STATE,CPU_POWER_DOWN
DEBUG (0): 595419659436,RADIO_STATE,RECV_MESSAGE,DONE,DEST:0
DEBUG (0): 595419659536,CPU_STATE,CPU_ACTIVE
DEBUG (0): 595419659636,CPU_STATE,CPU_POWER_DOWN
DEBUG (0): 595419659646,RADIO_STATE,OFF
DEBUG (0): 693070417499,CPU_STATE,CPU_ACTIVE
DEBUG (0): 693070417699,CPU_STATE,CPU_ACTIVE
DEBUG (0): 693070417899,CPU_STATE,CPU_POWER_DOWN
DEBUG (0): 693113752507,RADIO_STATE,SEND_MESSAGE,ON,DEST:2,SIZE:35,DB:0
DEBUG (0): 693128400859,RADIO_STATE,SEND_MESSAGE,OFF,DEST:2,SIZE:35
DEBUG (0): 693130079416,CPU_STATE,CPU_ACTIVE
DEBUG (0): 693130079516,CPU_STATE,CPU_POWER_DOWN
DEBUG (0): 693466076390,RADIO_STATE,RECV_MESSAGE,DONE,DEST:0
DEBUG (0): 693466076490,CPU_STATE,CPU_ACTIVE
DEBUG (0): 693466076590,CPU_STATE,CPU_POWER_DOWN
DEBUG (0): 791117292499,CPU_STATE,CPU_ACTIVE
DEBUG (0): 791117292699,CPU_STATE,CPU_ACTIVE
DEBUG (0): 791117292899,CPU_STATE,CPU_POWER_DOWN
DEBUG (0): 791206708781,RADIO_STATE,SEND_MESSAGE,ON,DEST:2,SIZE:35,DB:0
DEBUG (0): 791221357133,RADIO_STATE,SEND_MESSAGE,OFF,DEST:2,SIZE:35
DEBUG (0): 791223035690,CPU_STATE,CPU_ACTIVE
DEBUG (0): 791223035790,CPU_STATE,CPU_POWER_DOWN
DEBUG (0): 791484875382,RADIO_STATE,RECV_MESSAGE,DONE,DEST:0
DEBUG (0): 791484875482,CPU_STATE,CPU_ACTIVE
DEBUG (0): 791484875582,CPU_STATE,CPU_POWER_DOWN
DEBUG (0): 889134870624,CPU_STATE,CPU_ACTIVE
DEBUG (0): 889134870824,CPU_STATE,CPU_ACTIVE
DEBUG (0): 889134871024,CPU_STATE,CPU_POWER_DOWN
DEBUG (0): 889211164424,RADIO_STATE,SEND_MESSAGE,ON,DEST:2,SIZE:35,DB:0
DEBUG (0): 889225812776,RADIO_STATE,SEND_MESSAGE,OFF,DEST:2,SIZE:35
DEBUG (0): 889227491333,CPU_STATE,CPU_ACTIVE
DEBUG (0): 889227491433,CPU_STATE,CPU_POWER_DOWN
DEBUG (0): 889490856895,RADIO_STATE,RECV_MESSAGE,DONE,DEST:0
DEBUG (0): 889490856995,CPU_STATE,CPU_ACTIVE
DEBUG (0): 889490857095,CPU_STATE,CPU_POWER_DOWN
DEBUG (0): 889490857195,RADIO_STATE,OFF
DEBUG (0): 987142683124,CPU_STATE,CPU_ACTIVE
DEBUG (0): 987142683324,CPU_STATE,CPU_ACTIVE
DEBUG (0): 987142683524,CPU_STATE,CPU_POWER_DOWN
DEBUG (0): 987162977495,RADIO_STATE,SEND_MESSAGE,ON,DEST:2,SIZE:35,DB:0
DEBUG (0): 987177625847,RADIO_STATE,SEND_MESSAGE,OFF,DEST:2,SIZE:35
DEBUG (0): 987179304404,CPU_STATE,CPU_ACTIVE
DEBUG (0): 987179304504,CPU_STATE,CPU_POWER_DOWN
DEBUG (0): 990589948749,CPU_STATE,CPU_ACTIVE
DEBUG (0): 990589948949,CPU_STATE,CPU_ACTIVE
DEBUG (0): 990589949049,CPU_STATE,CPU_POWER_DOWN
DEBUG (0): 990650373301,RADIO_STATE,SEND_MESSAGE,ON,DEST:2,SIZE:35,DB:0
DEBUG (0): 990665021653,RADIO_STATE,SEND_MESSAGE,OFF,DEST:2,SIZE:35
DEBUG (0): 990666700210,CPU_STATE,CPU_ACTIVE
DEBUG (0): 990666700310,CPU_STATE,CPU_POWER_DOWN
DEBUG (0): 990923351944,RADIO_STATE,RECV_MESSAGE,DONE,DEST:0
DEBUG (0): 990923352044,CPU_STATE,CPU_ACTIVE
DEBUG (0): 990923352144,CPU_STATE,CPU_POWER_DOWN
DEBUG (0): 990923352244,RADIO_STATE,OFF
DEBUG (0): 1088578229999,CPU_STATE,CPU_ACTIVE
DEBUG (0): 1088578230199,CPU_STATE,CPU_ACTIVE
DEBUG (0): 1088578230399,CPU_STATE,CPU_POWER_DOWN
DEBUG (0): 2017109876692,RADIO_STATE,ON
DEBUG (0): 2017109876692,CPU_STATE,CPU_ACTIVE
DEBUG (0): 2017109876792,CPU_STATE,CPU_POWER_DOWN
DEBUG (0): 2017511943837,RADIO_STATE,RECV_MESSAGE,DONE,DEST:0
DEBUG (0): 2017511943937,CPU_STATE,CPU_ACTIVE
DEBUG (0): 2017511944037,CPU_STATE,CPU_POWER_DOWN
DEBUG (0): 2115160261249,CPU_STATE,CPU_ACTIVE
DEBUG (0): 2115160261449,CPU_STATE,CPU_ACTIVE
DEBUG (0): 2115160261649,CPU_STATE,CPU_POWER_DOWN
DEBUG (0): 2115213819586,RADIO_STATE,SEND_MESSAGE,ON,DEST:2,SIZE:35,DB:0
DEBUG (0): 2115228467938,RADIO_STATE,SEND_MESSAGE,OFF,DEST:2,SIZE:35
DEBUG (0): 2115230146495,CPU_STATE,CPU_ACTIVE
DEBUG (0): 2115230146595,CPU_STATE,CPU_POWER_DOWN
DEBUG (0): 2118646589374,CPU_STATE,CPU_ACTIVE
DEBUG (0): 2118646589574,CPU_STATE,CPU_ACTIVE
DEBUG (0): 2118646589674,CPU_STATE,CPU_POWER_DOWN
DEBUG (0): 2118739972718,RADIO_STATE,SEND_MESSAGE,ON,DEST:2,SIZE:35,DB:0
DEBUG (0): 2118754621070,RADIO_STATE,SEND_MESSAGE,OFF,DEST:2,SIZE:35
DEBUG (0): 2118756299627,CPU_STATE,CPU_ACTIVE
DEBUG (0): 2118756299727,CPU_STATE,CPU_POWER_DOWN
DEBUG (0): 2122171979999,CPU_STATE,CPU_ACTIVE
DEBUG (0): 2122171980199,CPU_STATE,CPU_ACTIVE
DEBUG (0): 2122171980299,CPU_STATE,CPU_POWER_DOWN
DEBUG (0): 2122188306908,RADIO_STATE,SEND_MESSAGE,ON,DEST:2,SIZE:35,DB:0
DEBUG (0): 2122202955260,RADIO_STATE,SEND_MESSAGE,OFF,DEST:2,SIZE:35
DEBUG (0): 2122204633817,CPU_STATE,CPU_ACTIVE
DEBUG (0): 2122204633917,CPU_STATE,CPU_POWER_DOWN
DEBUG (0): 2125619245624,CPU_STATE,CPU_ACTIVE
DEBUG (0): 2125619245824,CPU_STATE,CPU_ACTIVE
DEBUG (0): 2125619245924,CPU_STATE,CPU_POWER_DOWN
DEBUG (0): 2125718122100,RADIO_STATE,SEND_MESSAGE,ON,DEST:65535,SIZE:35,DB:0
DEBUG (0): 2125732770452,RADIO_STATE,SEND_MESSAGE,OFF,DEST:65535,SIZE:35
DEBUG (0): 2125734449009,CPU_STATE,CPU_ACTIVE
DEBUG (0): 2125734449109,CPU_STATE,CPU_POWER_DOWN
DEBUG (0): 2125759931038,RADIO_STATE,RECV_MESSAGE,DONE,DEST:65535
DEBUG (0): 2125781750979,RADIO_STATE,RECV_MESSAGE,DONE,DEST:65535
DEBUG (0): 2125796551918,RADIO_STATE,RECV_MESSAGE,DONE,DEST:65535
DEBUG (0): 2126259149072,RADIO_STATE,RECV_MESSAGE,DONE,DEST:0
DEBUG (0): 2126259149172,CPU_STATE,CPU_ACTIVE
DEBUG (0): 2126259149372,CPU_STATE,CPU_POWER_DOWN
DEBUG (0): 2126288598463,RADIO_STATE,SEND_MESSAGE,ON,DEST:2,SIZE:35,DB:44198
DEBUG (0): 2126308434773,RADIO_STATE,SEND_MESSAGE,OFF,DEST:2,SIZE:35
DEBUG (0): 2223910261249,CPU_STATE,CPU_ACTIVE
DEBUG (0): 2223910261449,CPU_STATE,CPU_ACTIVE
DEBUG (0): 2223910261649,CPU_STATE,CPU_POWER_DOWN
DEBUG (0): 2223960004911,RADIO_STATE,SEND_MESSAGE,ON,DEST:2,SIZE:35,DB:0
DEBUG (0): 2223974653263,RADIO_STATE,SEND_MESSAGE,OFF,DEST:2,SIZE:35
DEBUG (0): 2223976331820,CPU_STATE,CPU_ACTIVE
DEBUG (0): 2223976331920,CPU_STATE,CPU_POWER_DOWN
DEBUG (0): 2227386823749,CPU_STATE,CPU_ACTIVE
DEBUG (0): 2227386823949,CPU_STATE,CPU_ACTIVE
DEBUG (0): 2227386824049,CPU_STATE,CPU_POWER_DOWN
DEBUG (0): 2227416578314,RADIO_STATE,SEND_MESSAGE,ON,DEST:2,SIZE:35,DB:0
DEBUG (0): 2227431226666,RADIO_STATE,SEND_MESSAGE,OFF,DEST:2,SIZE:35
DEBUG (0): 2227432905223,CPU_STATE,CPU_ACTIVE
DEBUG (0): 2227432905323,CPU_STATE,CPU_POWER_DOWN
DEBUG (0): 2230843854999,CPU_STATE,CPU_ACTIVE
DEBUG (0): 2230843855199,CPU_STATE,CPU_ACTIVE
DEBUG (0): 2230843855299,CPU_STATE,CPU_POWER_DOWN
DEBUG (0): 2230901990746,RADIO_STATE,SEND_MESSAGE,ON,DEST:2,SIZE:35,DB:0
DEBUG (0): 2230916639098,RADIO_STATE,SEND_MESSAGE,OFF,DEST:2,SIZE:35
DEBUG (0): 2230918317655,CPU_STATE,CPU_ACTIVE
DEBUG (0): 2230918317755,CPU_STATE,CPU_POWER_DOWN
DEBUG (0): 2231247448214,RADIO_STATE,RECV_MESSAGE,DONE,DEST:0
DEBUG (0): 2231247448314,CPU_STATE,CPU_ACTIVE
DEBUG (0): 2231247448414,CPU_STATE,CPU_POWER_DOWN
DEBUG (0): 2328900495624,CPU_STATE,CPU_ACTIVE
DEBUG (0): 2328900495824,CPU_STATE,CPU_ACTIVE
DEBUG (0): 2328900496024,CPU_STATE,CPU_POWER_DOWN
DEBUG (0): 2328992811059,RADIO_STATE,SEND_MESSAGE,ON,DEST:2,SIZE:35,DB:0
DEBUG (0): 2329007459411,RADIO_STATE,SEND_MESSAGE,OFF,DEST:2,SIZE:35
DEBUG (0): 2329009137968,CPU_STATE,CPU_ACTIVE
DEBUG (0): 2329009138068,CPU_STATE,CPU_POWER_DOWN
DEBUG (0): 2329280590641,RADIO_STATE,RECV_MESSAGE,DONE,DEST:0
DEBUG (0): 2329280590741,CPU_STATE,CPU_ACTIVE
DEBUG (0): 2329280590841,CPU_STATE,CPU_POWER_DOWN
DEBUG (0): 2426927839374,CPU_STATE,CPU_ACTIVE
DEBUG (0): 2426927839574,CPU_STATE,CPU_ACTIVE
DEBUG (0): 2426927839774,CPU_STATE,CPU_POWER_DOWN
DEBUG (0): 2426966291598,RADIO_STATE,SEND_MESSAGE,ON,DEST:2,SIZE:35,DB:0
DEBUG (0): 2426980939950,RADIO_STATE,SEND_MESSAGE,OFF,DEST:2,SIZE:35
DEBUG (0): 2426982618507,CPU_STATE,CPU_ACTIVE
DEBUG (0): 2426982618607,CPU_STATE,CPU_POWER_DOWN
DEBUG (0): 2430394636249,CPU_STATE,CPU_ACTIVE
DEBUG (0): 2430394636449,CPU_STATE,CPU_ACTIVE
DEBUG (0): 2430394636549,CPU_STATE,CPU_POWER_DOWN
DEBUG (0): 2430486493723,RADIO_STATE,SEND_MESSAGE,ON,DEST:2,SIZE:35,DB:0
DEBUG (0): 2430501142075,RADIO_STATE,SEND_MESSAGE,OFF,DEST:2,SIZE:35
DEBUG (0): 2430502820632,CPU_STATE,CPU_ACTIVE
DEBUG (0): 2430502820732,CPU_STATE,CPU_POWER_DOWN
DEBUG (0): 2430831493430,RADIO_STATE,RECV_MESSAGE,DONE,DEST:0
DEBUG (0): 2430831493530,CPU_STATE,CPU_ACTIVE
DEBUG (0): 2430831493630,CPU_STATE,CPU_POWER_DOWN
DEBUG (0): 2528480573749,CPU_STATE,CPU_ACTIVE
DEBUG (0): 2528480573949,CPU_STATE,CPU_ACTIVE
DEBUG (0): 2528480574149,CPU_STATE,CPU_POWER_DOWN
DEBUG (0): 2528575330576,RADIO_STATE,SEND_MESSAGE,ON,DEST:2,SIZE:35,DB:0
DEBUG (0): 2528589978928,RADIO_STATE,SEND_MESSAGE,OFF,DEST:2,SIZE:35
DEBUG (0): 2528591657485,CPU_STATE,CPU_ACTIVE
DEBUG (0): 2528591657585,CPU_STATE,CPU_POWER_DOWN
DEBUG (0): 2528862652397,RADIO_STATE,RECV_MESSAGE,DONE,DEST:0
DEBUG (0): 2528862652497,CPU_STATE,CPU_ACTIVE
DEBUG (0): 2528862652597,CPU_STATE,CPU_POWER_DOWN
DEBUG (0): 2626517683124,CPU_STATE,CPU_ACTIVE
DEBUG (0): 2626517683324,CPU_STATE,CPU_ACTIVE
DEBUG (0): 2626517683524,CPU_STATE,CPU_POWER_DOWN
DEBUG (0): 2626588483792,RADIO_STATE,SEND_MESSAGE,ON,DEST:2,SIZE:35,DB:0
DEBUG (0): 2626603132144,RADIO_STATE,SEND_MESSAGE,OFF,DEST:2,SIZE:35
DEBUG (0): 2626604810701,CPU_STATE,CPU_ACTIVE
DEBUG (0): 2626604810801,CPU_STATE,CPU_POWER_DOWN
DEBUG (0): 2630013776874,CPU_STATE,CPU_ACTIVE
DEBUG (0): 2630013777074,CPU_STATE,CPU_ACTIVE
DEBUG (0): 2630013777174,CPU_STATE,CPU_POWER_DOWN
DEBUG (0): 2630059400487,RADIO_STATE,SEND_MESSAGE,ON,DEST:2,SIZE:35,DB:0
DEBUG (0): 2630074048839,RADIO_STATE,SEND_MESSAGE,OFF,DEST:2,SIZE:35
DEBUG (0): 2630075727396,CPU_STATE,CPU_ACTIVE
DEBUG (0): 2630075727496,CPU_STATE,CPU_POWER_DOWN
DEBUG (0): 2630440868487,RADIO_STATE,RECV_MESSAGE,DONE,DEST:0
DEBUG (0): 2630440868587,CPU_STATE,CPU_ACTIVE
DEBUG (0): 2630440868687,CPU_STATE,CPU_POWER_DOWN
DEBUG (0): 2728089948749,CPU_STATE,CPU_ACTIVE
DEBUG (0): 2728089948949,CPU_STATE,CPU_ACTIVE
DEBUG (0): 2728089949149,CPU_STATE,CPU_POWER_DOWN
DEBUG (0): 2728188978012,RADIO_STATE,SEND_MESSAGE,ON,DEST:2,SIZE:35,DB:0
DEBUG (0): 2728203626364,RADIO_STATE,SEND_MESSAGE,OFF,DEST:2,SIZE:35
DEBUG (0): 2728205304921,CPU_STATE,CPU_ACTIVE
DEBUG (0): 2728205305021,CPU_STATE,CPU_POWER_DOWN
DEBUG (0): 2731615339374,CPU_STATE,CPU_ACTIVE
DEBUG (0): 2731615339574,CPU_STATE,CPU_ACTIVE
DEBUG (0): 2731615339674,CPU_STATE,CPU_POWER_DOWN
DEBUG (0): 2731676374274,RADIO_STATE,SEND_MESSAGE,ON,DEST:2,SIZE:35,DB:0
DEBUG (0): 2731691022626,RADIO_STATE,SEND_MESSAGE,OFF,DEST:2,SIZE:35
DEBUG (0): 2731692701183,CPU_STATE,CPU_ACTIVE
DEBUG (0): 2731692701283,CPU_STATE,CPU_POWER_DOWN
DEBUG (0): 2732037548203,RADIO_STATE,RECV_MESSAGE,DONE,DEST:0
DEBUG (0): 2732037548303,CPU_STATE,CPU_ACTIVE
DEBUG (0): 2732037548403,CPU_STATE,CPU_POWER_DOWN
DEBUG (0): 2829691511249,CPU_STATE,CPU_ACTIVE
DEBUG (0): 2829691511449,CPU_STATE,CPU_ACTIVE
DEBUG (0): 2829691511649,CPU_STATE,CPU_POWER_DOWN
DEBUG (0): 2829741407498,RADIO_STATE,SEND_MESSAGE,ON,DEST:2,SIZE:35,DB:0
DEBUG (0): 2829756055850,RADIO_STATE,SEND_MESSAGE,OFF,DEST:2,SIZE:35
DEBUG (0): 2829757734407,CPU_STATE,CPU_ACTIVE
DEBUG (0): 2829757734507,CPU_STATE,CPU_POWER_DOWN
DEBUG (0): 2830220531178,RADIO_STATE,RECV_MESSAGE,DONE,DEST:0
DEBUG (0): 2830220531278,CPU_STATE,CPU_ACTIVE
DEBUG (0): 2830220531378,CPU_STATE,CPU_POWER_DOWN
DEBUG (0): 2927875104999,CPU_STATE,CPU_ACTIVE
DEBUG (0): 2927875105199,CPU_STATE,CPU_ACTIVE
DEBUG (0): 2927875105399,CPU_STATE,CPU_POWER_DOWN
DEBUG (0): 2927969861826,RADIO_STATE,SEND_MESSAGE,ON,DEST:2,SIZE:35,DB:0
DEBUG (0): 2927984510178,RADIO_STATE,SEND_MESSAGE,OFF,DEST:2,SIZE:35
DEBUG (0): 2927986188735,CPU_STATE,CPU_ACTIVE
DEBUG (0): 2927986188835,CPU_STATE,CPU_POWER_DOWN
DEBUG (0): 2928314861533,RADIO_STATE,RECV_MESSAGE,DONE,DEST:0
DEBUG (0): 2928314861633,CPU_STATE,CPU_ACTIVE
DEBUG (0): 2928314861733,CPU_STATE,CPU_POWER_DOWN
DEBUG (0): 3025970808124,CPU_STATE,CPU_ACTIVE
DEBUG (0): 3025970808324,CPU_STATE,CPU_ACTIVE
DEBUG (0): 3025970808524,CPU_STATE,CPU_POWER_DOWN
DEBUG (0): 3026038404465,RADIO_STATE,SEND_MESSAGE,ON,DEST:2,SIZE:35,DB:0
DEBUG (0): 3026053052817,RADIO_STATE,SEND_MESSAGE,OFF,DEST:2,SIZE:35
DEBUG (0): 3026054731374,CPU_STATE,CPU_ACTIVE
DEBUG (0): 3026054731474,CPU_STATE,CPU_POWER_DOWN
DEBUG (0): 3029466901874,CPU_STATE,CPU_ACTIVE
DEBUG (0): 3029466902074,CPU_STATE,CPU_ACTIVE
DEBUG (0): 3029466902174,CPU_STATE,CPU_POWER_DOWN
DEBUG (0): 3029547315323,RADIO_STATE,SEND_MESSAGE,ON,DEST:2,SIZE:35,DB:0
DEBUG (0): 3029561963675,RADIO_STATE,SEND_MESSAGE,OFF,DEST:2,SIZE:35
DEBUG (0): 3029563642232,CPU_STATE,CPU_ACTIVE
DEBUG (0): 3029563642332,CPU_STATE,CPU_POWER_DOWN
DEBUG (0): 3032972761249,CPU_STATE,CPU_ACTIVE
DEBUG (0): 3032972761449,CPU_STATE,CPU_ACTIVE
DEBUG (0): 3032972761549,CPU_STATE,CPU_POWER_DOWN
DEBUG (0): 3033064466136,RADIO_STATE,SEND_MESSAGE,ON,DEST:2,SIZE:35,DB:0
DEBUG (0): 3033079114488,RADIO_STATE,SEND_MESSAGE,OFF,DEST:2,SIZE:35
DEBUG (0): 3033080793045,CPU_STATE,CPU_ACTIVE
DEBUG (0): 3033080793145,CPU_STATE,CPU_POWER_DOWN
DEBUG (0): 3033410228778,RADIO_STATE,RECV_MESSAGE,DONE,DEST:0
DEBUG (0): 3033410228878,CPU_STATE,CPU_ACTIVE
DEBUG (0): 3033410228978,CPU_STATE,CPU_POWER_DOWN
DEBUG (0): 3131058698749,CPU_STATE,CPU_ACTIVE
DEBUG (0): 3131058698949,CPU_STATE,CPU_ACTIVE
DEBUG (0): 3131058699149,CPU_STATE,CPU_POWER_DOWN
DEBUG (0): 3131117750218,RADIO_STATE,SEND_MESSAGE,ON,DEST:2,SIZE:35,DB:0
DEBUG (0): 3131132398570,RADIO_STATE,SEND_MESSAGE,OFF,DEST:2,SIZE:35
DEBUG (0): 3131134077127,CPU_STATE,CPU_ACTIVE
DEBUG (0): 3131134077227,CPU_STATE,CPU_POWER_DOWN
DEBUG (0): 3131488384541,RADIO_STATE,RECV_MESSAGE,DONE,DEST:0
DEBUG (0): 3131488384641,CPU_STATE,CPU_ACTIVE
DEBUG (0): 3131488384741,CPU_STATE,CPU_POWER_DOWN
DEBUG (0): 3229134870624,CPU_STATE,CPU_ACTIVE
DEBUG (0): 3229134870824,CPU_STATE,CPU_ACTIVE
DEBUG (0): 3229134871024,CPU_STATE,CPU_POWER_DOWN
DEBUG (0): 3229191633288,RADIO_STATE,SEND_MESSAGE,ON,DEST:2,SIZE:35,DB:0
DEBUG (0): 3229206281640,RADIO_STATE,SEND_MESSAGE,OFF,DEST:2,SIZE:35
DEBUG (0): 3229207960197,CPU_STATE,CPU_ACTIVE
DEBUG (0): 3229207960297,CPU_STATE,CPU_POWER_DOWN
DEBUG (0): 3229575084919,RADIO_STATE,RECV_MESSAGE,DONE,DEST:0
DEBUG (0): 3229575085019,CPU_STATE,CPU_ACTIVE
DEBUG (0): 3229575085119,CPU_STATE,CPU_POWER_DOWN
DEBUG (0): 3327230573749,CPU_STATE,CPU_ACTIVE
DEBUG (0): 3327230573949,CPU_STATE,CPU_ACTIVE
DEBUG (0): 3327230574149,CPU_STATE,CPU_POWER_DOWN
DEBUG (0): 3327278028606,RADIO_STATE,SEND_MESSAGE,ON,DEST:2,SIZE:35,DB:0
DEBUG (0): 3327292676958,RADIO_STATE,SEND_MESSAGE,OFF,DEST:2,SIZE:35
DEBUG (0): 3327294355515,CPU_STATE,CPU_ACTIVE
DEBUG (0): 3327294355615,CPU_STATE,CPU_POWER_DOWN
DEBUG (0): 3330707136249,CPU_STATE,CPU_ACTIVE
DEBUG (0): 3330707136449,CPU_STATE,CPU_ACTIVE
DEBUG (0): 3330707136549,CPU_STATE,CPU_POWER_DOWN
DEBUG (0): 3330795789396,RADIO_STATE,SEND_MESSAGE,ON,DEST:2,SIZE:35,DB:0
DEBUG (0): 3330810437748,RADIO_STATE,SEND_MESSAGE,OFF,DEST:2,SIZE:35
DEBUG (0): 3330812116305,CPU_STATE,CPU_ACTIVE
DEBUG (0): 3330812116405,CPU_STATE,CPU_POWER_DOWN
DEBUG (0): 3334222761249,CPU_STATE,CPU_ACTIVE
DEBUG (0): 3334222761449,CPU_STATE,CPU_ACTIVE
DEBUG (0): 3334222761549,CPU_STATE,CPU_POWER_DOWN
DEBUG (0): 3334260145164,RADIO_STATE,SEND_MESSAGE,ON,DEST:2,SIZE:35,DB:0
DEBUG (0): 3334274793516,RADIO_STATE,SEND_MESSAGE,OFF,DEST:2,SIZE:35
DEBUG (0): 3334276472073,CPU_STATE,CPU_ACTIVE
DEBUG (0): 3334276472173,CPU_STATE,CPU_POWER_DOWN
DEBUG (0): 3337689558124,CPU_STATE,CPU_ACTIVE
DEBUG (0): 3337689558324,CPU_STATE,CPU_ACTIVE
DEBUG (0): 3337689558424,CPU_STATE,CPU_POWER_DOWN
DEBUG (0): 3337761731875,RADIO_STATE,SEND_MESSAGE,ON,DEST:65535,SIZE:35,DB:0
DEBUG (0): 3337776380227,RADIO_STATE,SEND_MESSAGE,OFF,DEST:65535,SIZE:35
DEBUG (0): 3337778058784,CPU_STATE,CPU_ACTIVE
DEBUG (0): 3337778058884,CPU_STATE,CPU_POWER_DOWN
DEBUG (0): 3337831311647,RADIO_STATE,RECV_MESSAGE,DONE,DEST:65535
DEBUG (0): 3337864880787,RADIO_STATE,RECV_MESSAGE,DONE,DEST:65535
DEBUG (0): 3337887005902,RADIO_STATE,RECV_MESSAGE,DONE,DEST:65535
DEBUG (0): 3338222345156,RADIO_STATE,RECV_MESSAGE,DONE,DEST:0
DEBUG (0): 3338222345256,CPU_STATE,CPU_ACTIVE
DEBUG (0): 3338222345456,CPU_STATE,CPU_POWER_DOWN
DEBUG (0): 3338303063779,RADIO_STATE,SEND_MESSAGE,ON,DEST:2,SIZE:35,DB:43952
DEBUG (0): 3338322900089,RADIO_STATE,SEND_MESSAGE,OFF,DEST:2,SIZE:35
DEBUG (0): 3435873151874,CPU_STATE,CPU_ACTIVE
DEBUG (0): 3435873152074,CPU_STATE,CPU_ACTIVE
DEBUG (0): 3435873152274,CPU_STATE,CPU_POWER_DOWN
DEBUG (0): 3435922742949,RADIO_STATE,SEND_MESSAGE,ON,DEST:2,SIZE:35,DB:0
DEBUG (0): 3435937391301,RADIO_STATE,SEND_MESSAGE,OFF,DEST:2,SIZE:35
DEBUG (0): 3435939069858,CPU_STATE,CPU_ACTIVE
DEBUG (0): 3435939069958,CPU_STATE,CPU_POWER_DOWN
DEBUG (0): 3439349714374,CPU_STATE,CPU_ACTIVE
DEBUG (0): 3439349714574,CPU_STATE,CPU_ACTIVE
DEBUG (0): 3439349714674,CPU_STATE,CPU_POWER_DOWN
DEBUG (0): 3439442029609,RADIO_STATE,SEND_MESSAGE,ON,DEST:2,SIZE:35,DB:0
DEBUG (0): 3439456677961,RADIO_STATE,SEND_MESSAGE,OFF,DEST:2,SIZE:35
DEBUG (0): 3439458356518,CPU_STATE,CPU_ACTIVE
DEBUG (0): 3439458356618,CPU_STATE,CPU_POWER_DOWN
DEBUG (0): 3439802898364,RADIO_STATE,RECV_MESSAGE,DONE,DEST:0
DEBUG (0): 3439802898464,CPU_STATE,CPU_ACTIVE
DEBUG (0): 3439802898564,CPU_STATE,CPU_POWER_DOWN
DEBUG (0): 3537455183124,CPU_STATE,CPU_ACTIVE
DEBUG (0): 3537455183324,CPU_STATE,CPU_ACTIVE
DEBUG (0): 3537455183524,CPU_STATE,CPU_POWER_DOWN
DEBUG (0): 3537527509662,RADIO_STATE,SEND_MESSAGE,ON,DEST:2,SIZE:35,DB:0
DEBUG (0): 3537542158014,RADIO_STATE,SEND_MESSAGE,OFF,DEST:2,SIZE:35
DEBUG (0): 3537543836571,CPU_STATE,CPU_ACTIVE
DEBUG (0): 3537543836671,CPU_STATE,CPU_POWER_DOWN
DEBUG (0): 3537832684162,RADIO_STATE,RECV_MESSAGE,DONE,DEST:0
DEBUG (0): 3537832684262,CPU_STATE,CPU_ACTIVE
DEBUG (0): 3537832684362,CPU_STATE,CPU_POWER_DOWN
DEBUG (0): 3635482526874,CPU_STATE,CPU_ACTIVE
DEBUG (0): 3635482527074,CPU_STATE,CPU_ACTIVE
DEBUG (0): 3635482527274,CPU_STATE,CPU_POWER_DOWN
DEBUG (0): 3635508466964,RADIO_STATE,SEND_MESSAGE,ON,DEST:2,SIZE:35,DB:0
DEBUG (0): 3635523115316,RADIO_STATE,SEND_MESSAGE,OFF,DEST:2,SIZE:35
DEBUG (0): 3635524793873,CPU_STATE,CPU_ACTIVE
DEBUG (0): 3635524793973,CPU_STATE,CPU_POWER_DOWN
DEBUG (0): 3635954784439,RADIO_STATE,RECV_MESSAGE,DONE,DEST:0
DEBUG (0): 3635954784539,CPU_STATE,CPU_ACTIVE
DEBUG (0): 3635954784639,CPU_STATE,CPU_POWER_DOWN
DEBUG (0): 3733607526874,CPU_STATE,CPU_ACTIVE
DEBUG (0): 3733607527074,CPU_STATE,CPU_ACTIVE
DEBUG (0): 3733607527274,CPU_STATE,CPU_POWER_DOWN
DEBUG (0): 3733628279006,RADIO_STATE,SEND_MESSAGE,ON,DEST:2,SIZE:35,DB:0
DEBUG (0): 3733642927358,RADIO_STATE,SEND_MESSAGE,OFF,DEST:2,SIZE:35
DEBUG (0): 3733644605915,CPU_STATE,CPU_ACTIVE
DEBUG (0): 3733644606015,CPU_STATE,CPU_POWER_DOWN
DEBUG (0): 3737054792499,CPU_STATE,CPU_ACTIVE
DEBUG (0): 3737054792699,CPU_STATE,CPU_ACTIVE
DEBUG (0): 3737054792799,CPU_STATE,CPU_POWER_DOWN
DEBUG (0): 3737089277261,RADIO_STATE,SEND_MESSAGE,ON,DEST:2,SIZE:35,DB:0
DEBUG (0): 3737103925613,RADIO_STATE,SEND_MESSAGE,OFF,DEST:2,SIZE:35
DEBUG (0): 3737105604170,CPU_STATE,CPU_ACTIVE
DEBUG (0): 3737105604270,CPU_STATE,CPU_POWER_DOWN
DEBUG (0): 3740521589374,CPU_STATE,CPU_ACTIVE
DEBUG (0): 3740521589574,CPU_STATE,CPU_ACTIVE
DEBUG (0): 3740521589674,CPU_STATE,CPU_POWER_DOWN
DEBUG (0): 3740565076769,RADIO_STATE,SEND_MESSAGE,ON,DEST:2,SIZE:35,DB:0
DEBUG (0): 3740579725121,RADIO_STATE,SEND_MESSAGE,OFF,DEST:2,SIZE:35
DEBUG (0): 3740581403678,CPU_STATE,CPU_ACTIVE
DEBUG (0): 3740581403778,CPU_STATE,CPU_POWER_DOWN
DEBUG (0): 3740796246574,RADIO_STATE,RECV_MESSAGE,DONE,DEST:0
DEBUG (0): 3740796246674,CPU_STATE,CPU_ACTIVE
DEBUG (0): 3740796246774,CPU_STATE,CPU_POWER_DOWN
DEBUG (0): 3838451276874,CPU_STATE,CPU_ACTIVE
DEBUG (0): 3838451277074,CPU_STATE,CPU_ACTIVE
DEBUG (0): 3838451277274,CPU_STATE,CPU_POWER_DOWN
DEBUG (0): 3838526502565,RADIO_STATE,SEND_MESSAGE,ON,DEST:2,SIZE:35,DB:0
DEBUG (0): 3838541150917,RADIO_STATE,SEND_MESSAGE,OFF,DEST:2,SIZE:35
DEBUG (0): 3838542829474,CPU_STATE,CPU_ACTIVE
DEBUG (0): 3838542829574,CPU_STATE,CPU_POWER_DOWN
DEBUG (0): 3841957136249,CPU_STATE,CPU_ACTIVE
DEBUG (0): 3841957136449,CPU_STATE,CPU_ACTIVE
DEBUG (0): 3841957136549,CPU_STATE,CPU_POWER_DOWN
DEBUG (0): 3842052198050,RADIO_STATE,SEND_MESSAGE,ON,DEST:2,SIZE:35,DB:0
DEBUG (0): 3842066846402,RADIO_STATE,SEND_MESSAGE,OFF,DEST:2,SIZE:35
DEBUG (0): 3842068524959,CPU_STATE,CPU_ACTIVE
DEBUG (0): 3842068525059,CPU_STATE,CPU_POWER_DOWN
DEBUG (0): 3842415813371,RADIO_STATE,RECV_MESSAGE,DONE,DEST:0
DEBUG (0): 3842415813471,CPU_STATE,CPU_ACTIVE
DEBUG (0): 3842415813571,CPU_STATE,CPU_POWER_DOWN
DEBUG (0): 3940062604999,CPU_STATE,CPU_ACTIVE
DEBUG (0): 3940062605199,CPU_STATE,CPU_ACTIVE
DEBUG (0): 3940062605399,CPU_STATE,CPU_POWER_DOWN
DEBUG (0): 3940125776317,RADIO_STATE,SEND_MESSAGE,ON,DEST:2,SIZE:35,DB:0
DEBUG (0): 3940140424669,RADIO_STATE,SEND_MESSAGE,OFF,DEST:2,SIZE:35
DEBUG (0): 3940142103226,CPU_STATE,CPU_ACTIVE
DEBUG (0): 3940142103326,CPU_STATE,CPU_POWER_DOWN
DEBUG (0): 3940557598027,RADIO_STATE,RECV_MESSAGE,DONE,DEST:0
DEBUG (0): 3940557598127,CPU_STATE,CPU_ACTIVE
DEBUG (0): 3940557598227,CPU_STATE,CPU_POWER_DOWN
DEBUG (0): 4038207136249,CPU_STATE,CPU_ACTIVE
DEBUG (0): 4038207136449,CPU_STATE,CPU_ACTIVE
DEBUG (0): 4038207136649,CPU_STATE,CPU_POWER_DOWN
DEBUG (0): 4038291211986,RADIO_STATE,SEND_MESSAGE,ON,DEST:2,SIZE:35,DB:0
DEBUG (0): 4038305860338,RADIO_STATE,SEND_MESSAGE,OFF,DEST:2,SIZE:35
DEBUG (0): 4038307538895,CPU_STATE,CPU_ACTIVE
DEBUG (0): 4038307538995,CPU_STATE,CPU_POWER_DOWN
DEBUG (0): 4038533978403,RADIO_STATE,RECV_MESSAGE,DONE,DEST:0
DEBUG (0): 4038533978503,CPU_STATE,CPU_ACTIVE
DEBUG (0): 4038533978603,CPU_STATE,CPU_POWER_DOWN
DEBUG (0): 4136185651874,CPU_STATE,CPU_ACTIVE
DEBUG (0): 4136185652074,CPU_STATE,CPU_ACTIVE
DEBUG (0): 4136185652274,CPU_STATE,CPU_POWER_DOWN
DEBUG (0): 4136216932509,RADIO_STATE,SEND_MESSAGE,ON,DEST:2,SIZE:35,DB:0
DEBUG (0): 4136231580861,RADIO_STATE,SEND_MESSAGE,OFF,DEST:2,SIZE:35
DEBUG (0): 4136233259418,CPU_STATE,CPU_ACTIVE
DEBUG (0): 4136233259518,CPU_STATE,CPU_POWER_DOWN
DEBUG (0): 4136659130135,RADIO_STATE,RECV_MESSAGE,DONE,DEST:0
DEBUG (0): 4136659130235,CPU_STATE,CPU_ACTIVE
DEBUG (0): 4136659130335,CPU_STATE,CPU_POWER_DOWN
DEBUG (0): 4234310651874,CPU_STATE,CPU_ACTIVE
DEBUG (0): 4234310652074,CPU_STATE,CPU_ACTIVE
DEBUG (0): 4234310652274,CPU_STATE,CPU_POWER_DOWN
DEBUG (0): 4234355207578,RADIO_STATE,SEND_MESSAGE,ON,DEST:2,SIZE:35,DB:0
DEBUG (0): 4234369855930,RADIO_STATE,SEND_MESSAGE,OFF,DEST:2,SIZE:35
DEBUG (0): 4234371534487,CPU_STATE,CPU_ACTIVE
DEBUG (0): 4234371534587,CPU_STATE,CPU_POWER_DOWN
DEBUG (0): 4237787214374,CPU_STATE,CPU_ACTIVE
DEBUG (0): 4237787214574,CPU_STATE,CPU_ACTIVE
DEBUG (0): 4237787214674,CPU_STATE,CPU_POWER_DOWN
DEBUG (0): 4237839856989,RADIO_STATE,SEND_MESSAGE,ON,DEST:2,SIZE:35,DB:0
DEBUG (0): 4237854505341,RADIO_STATE,SEND_MESSAGE,OFF,DEST:2,SIZE:35
DEBUG (0): 4237856183898,CPU_STATE,CPU_ACTIVE
DEBUG (0): 4237856183998,CPU_STATE,CPU_POWER_DOWN
DEBUG (0): 4241273542499,CPU_STATE,CPU_ACTIVE
DEBUG (0): 4241273542699,CPU_STATE,CPU_ACTIVE
DEBUG (0): 4241273542799,CPU_STATE,CPU_POWER_DOWN
DEBUG (0): 4241341138640,RADIO_STATE,SEND_MESSAGE,ON,DEST:2,SIZE:35,DB:0
DEBUG (0): 4241355786992,RADIO_STATE,SEND_MESSAGE,OFF,DEST:2,SIZE:35
DEBUG (0): 4241357465549,CPU_STATE,CPU_ACTIVE
DEBUG (0): 4241357465649,CPU_STATE,CPU_POWER_DOWN
DEBUG (0): 4241708568636,RADIO_STATE,RECV_MESSAGE,DONE,DEST:0
DEBUG (0): 4241708568736,CPU_STATE,CPU_ACTIVE
DEBUG (0): 4241708568836,CPU_STATE,CPU_POWER_DOWN
DEBUG (0): 4339359479999,CPU_STATE,CPU_ACTIVE
DEBUG (0): 4339359480199,CPU_STATE,CPU_ACTIVE
DEBUG (0): 4339359480399,CPU_STATE,CPU_POWER_DOWN
DEBUG (0): 4339411665053,RADIO_STATE,SEND_MESSAGE,ON,DEST:2,SIZE:35,DB:0
DEBUG (0): 4339426313405,RADIO_STATE,SEND_MESSAGE,OFF,DEST:2,SIZE:35
DEBUG (0): 4339427991962,CPU_STATE,CPU_ACTIVE
DEBUG (0): 4339427992062,CPU_STATE,CPU_POWER_DOWN
DEBUG (0): 4342845808124,CPU_STATE,CPU_ACTIVE
DEBUG (0): 4342845808324,CPU_STATE,CPU_ACTIVE
DEBUG (0): 4342845808424,CPU_STATE,CPU_POWER_DOWN
DEBUG (0): 4342930494009,RADIO_STATE,SEND_MESSAGE,ON,DEST:2,SIZE:35,DB:0
DEBUG (0): 4342945142361,RADIO_STATE,SEND_MESSAGE,OFF,DEST:2,SIZE:35
DEBUG (0): 4342946820918,CPU_STATE,CPU_ACTIVE
DEBUG (0): 4342946821018,CPU_STATE,CPU_POWER_DOWN
DEBUG (0): 4343155865508,RADIO_STATE,RECV_MESSAGE,DONE,DEST:0
DEBUG (0): 4343155865608,CPU_STATE,CPU_ACTIVE
DEBUG (0): 4343155865708,CPU_STATE,CPU_POWER_DOWN
DEBUG (0): 4440804792499,CPU_STATE,CPU_ACTIVE
DEBUG (0): 4440804792699,CPU_STATE,CPU_ACTIVE
DEBUG (0): 4440804792899,CPU_STATE,CPU_POWER_DOWN
DEBUG (0): 4440881086299,RADIO_STATE,SEND_MESSAGE,ON,DEST:2,SIZE:35,DB:0
DEBUG (0): 4440895734651,RADIO_STATE,SEND_MESSAGE,OFF,DEST:2,SIZE:35
DEBUG (0): 4440897413208,CPU_STATE,CPU_ACTIVE
DEBUG (0): 4440897413308,CPU_STATE,CPU_POWER_DOWN
DEBUG (0): 4444310651874,CPU_STATE,CPU_ACTIVE
DEBUG (0): 4444310652074,CPU_STATE,CPU_ACTIVE
DEBUG (0): 4444310652174,CPU_STATE,CPU_POWER_DOWN
DEBUG (0): 4444320875303,RADIO_STATE,SEND_MESSAGE,ON,DEST:2,SIZE:35,DB:0
DEBUG (0): 4444335523655,RADIO_STATE,SEND_MESSAGE,OFF,DEST:2,SIZE:35
DEBUG (0): 4444337202212,CPU_STATE,CPU_ACTIVE
DEBUG (0): 4444337202312,CPU_STATE,CPU_POWER_DOWN
DEBUG (0): 4447748151874,CPU_STATE,CPU_ACTIVE
DEBUG (0): 4447748152074,CPU_STATE,CPU_ACTIVE
DEBUG (0): 4447748152174,CPU_STATE,CPU_POWER_DOWN
DEBUG (0): 4447773939177,RADIO_STATE,SEND_MESSAGE,ON,DEST:2,SIZE:35,DB:0
DEBUG (0): 4447788587529,RADIO_STATE,SEND_MESSAGE,OFF,DEST:2,SIZE:35
DEBUG (0): 4447790266086,CPU_STATE,CPU_ACTIVE
DEBUG (0): 4447790266186,CPU_STATE,CPU_POWER_DOWN
DEBUG (0): 4448137707085,RADIO_STATE,RECV_MESSAGE,DONE,DEST:0
DEBUG (0): 4448137707185,CPU_STATE,CPU_ACTIVE
DEBUG (0): 4448137707285,CPU_STATE,CPU_POWER_DOWN
DEBUG (0): 4545785261249,CPU_STATE,CPU_ACTIVE
DEBUG (0): 4545785261449,CPU_STATE,CPU_ACTIVE
DEBUG (0): 4545785261649,CPU_STATE,CPU_POWER_DOWN
DEBUG (0): 4545868574051,RADIO_STATE,SEND_MESSAGE,ON,DEST:2,SIZE:35,DB:0
DEBUG (0): 4545883222403,RADIO_STATE,SEND_MESSAGE,OFF,DEST:2,SIZE:35
DEBUG (0): 4545884900960,CPU_STATE,CPU_ACTIVE
DEBUG (0): 4545884901060,CPU_STATE,CPU_POWER_DOWN
DEBUG (0): 4546180004618,RADIO_STATE,RECV_MESSAGE,DONE,DEST:0
DEBUG (0): 4546180004718,CPU_STATE,CPU_ACTIVE
DEBUG (0): 4546180004818,CPU_STATE,CPU_POWER_DOWN
DEBUG (0): 4643832136249,CPU_STATE,CPU_ACTIVE
DEBUG (0): 4643832136449,CPU_STATE,CPU_ACTIVE
DEBUG (0): 4643832136649,CPU_STATE,CPU_POWER_DOWN
DEBUG (0): 4643884168716,RADIO_STATE,SEND_MESSAGE,ON,DEST:2,SIZE:35,DB:0
DEBUG (0): 4643898817068,RADIO_STATE,SEND_MESSAGE,OFF,DEST:2,SIZE:35
DEBUG (0): 4643900495625,CPU_STATE,CPU_ACTIVE
DEBUG (0): 4643900495725,CPU_STATE,CPU_POWER_DOWN
DEBUG (0): 4644230999467,RADIO_STATE,RECV_MESSAGE,DONE,DEST:0
DEBUG (0): 4644230999567,CPU_STATE,CPU_ACTIVE
DEBUG (0): 4644230999667,CPU_STATE,CPU_POWER_DOWN
DEBUG (0): 4741879011249,CPU_STATE,CPU_ACTIVE
DEBUG (0): 4741879011449,CPU_STATE,CPU_ACTIVE
DEBUG (0): 4741879011649,CPU_STATE,CPU_POWER_DOWN
DEBUG (0): 4741940656697,RADIO_STATE,SEND_MESSAGE,ON,DEST:2,SIZE:35,DB:0
DEBUG (0): 4741955305049,RADIO_STATE,SEND_MESSAGE,OFF,DEST:2,SIZE:35
DEBUG (0): 4741956983606,CPU_STATE,CPU_ACTIVE
DEBUG (0): 4741956983706,CPU_STATE,CPU_POWER_DOWN
DEBUG (0): 4742238964782,RADIO_STATE,RECV_MESSAGE,DONE,DEST:0
DEBUG (0): 4742238964882,CPU_STATE,CPU_ACTIVE
DEBUG (0): 4742238964982,CPU_STATE,CPU_POWER_DOWN
DEBUG (0): 4839886823749,CPU_STATE,CPU_ACTIVE
DEBUG (0): 4839886823949,CPU_STATE,CPU_ACTIVE
DEBUG (0): 4839886824149,CPU_STATE,CPU_POWER_DOWN
DEBUG (0): 4839893385290,RADIO_STATE,SEND_MESSAGE,ON,DEST:2,SIZE:35,DB:0
DEBUG (0): 4839908033642,RADIO_STATE,SEND_MESSAGE,OFF,DEST:2,SIZE:35
DEBUG (0): 4839909712199,CPU_STATE,CPU_ACTIVE
DEBUG (0): 4839909712299,CPU_STATE,CPU_POWER_DOWN
DEBUG (0): 4840169415673,RADIO_STATE,RECV_MESSAGE,DONE,DEST:0
DEBUG (0): 4840169415773,CPU_STATE,CPU_ACTIVE
DEBUG (0): 4840169415873,CPU_STATE,CPU_POWER_DOWN
DEBUG (0): 4937816511249,CPU_STATE,CPU_ACTIVE
DEBUG (0): 4937816511449,CPU_STATE,CPU_ACTIVE
DEBUG (0): 4937816511649,CPU_STATE,CPU_POWER_DOWN
DEBUG (0): 4937849775515,RADIO_STATE,SEND_MESSAGE,ON,DEST:2,SIZE:35,DB:0
DEBUG (0): 4937864423867,RADIO_STATE,SEND_MESSAGE,OFF,DEST:2,SIZE:35
DEBUG (0): 4937866102424,CPU_STATE,CPU_ACTIVE
DEBUG (0): 4937866102524,CPU_STATE,CPU_POWER_DOWN
DEBUG (0): 4938216289989,RADIO_STATE,RECV_MESSAGE,DONE,DEST:0
DEBUG (0): 4938216290089,CPU_STATE,CPU_ACTIVE
DEBUG (0): 4938216290189,CPU_STATE,CPU_POWER_DOWN
DEBUG (0): 5035863386249,CPU_STATE,CPU_ACTIVE
DEBUG (0): 5035863386449,CPU_STATE,CPU_ACTIVE
DEBUG (0): 5035863386649,CPU_STATE,CPU_POWER_DOWN
DEBUG (0): 5035936170548,RADIO_STATE,SEND_MESSAGE,ON,DEST:2,SIZE:35,DB:0
DEBUG (0): 5035950818900,RADIO_STATE,SEND_MESSAGE,OFF,DEST:2,SIZE:35
DEBUG (0): 5035952497457,CPU_STATE,CPU_ACTIVE
DEBUG (0): 5035952497557,CPU_STATE,CPU_POWER_DOWN
DEBUG (0): 5036257366683,RADIO_STATE,RECV_MESSAGE,DONE,DEST:0
DEBUG (0): 5036257366783,CPU_STATE,CPU_ACTIVE
DEBUG (0): 5036257366883,CPU_STATE,CPU_POWER_DOWN
DEBUG (0): 5133910261249,CPU_STATE,CPU_ACTIVE
DEBUG (0): 5133910261449,CPU_STATE,CPU_ACTIVE
DEBUG (0): 5133910261649,CPU_STATE,CPU_POWER_DOWN
DEBUG (0): 5133922010748,RADIO_STATE,SEND_MESSAGE,ON,DEST:2,SIZE:35,DB:0
DEBUG (0): 5133936659100,RADIO_STATE,SEND_MESSAGE,OFF,DEST:2,SIZE:35
DEBUG (0): 5133938337657,CPU_STATE,CPU_ACTIVE
DEBUG (0): 5133938337757,CPU_STATE,CPU_POWER_DOWN
DEBUG (0): 5134267468216,RADIO_STATE,RECV_MESSAGE,DONE,DEST:0
DEBUG (0): 5134267468316,CPU_STATE,CPU_ACTIVE
DEBUG (0): 5134267468416,CPU_STATE,CPU_POWER_DOWN
DEBUG (0): 5231918073749,CPU_STATE,CPU_ACTIVE
DEBUG (0): 5231918073949,CPU_STATE,CPU_ACTIVE
DEBUG (0): 5231918074149,CPU_STATE,CPU_POWER_DOWN
DEBUG (0): 5231979108849,RADIO_STATE,SEND_MESSAGE,ON,DEST:2,SIZE:35,DB:0
DEBUG (0): 5231993757201,RADIO_STATE,SEND_MESSAGE,OFF,DEST:2,SIZE:35
DEBUG (0): 5231995435758,CPU_STATE,CPU_ACTIVE
DEBUG (0): 5231995435858,CPU_STATE,CPU_POWER_DOWN
DEBUG (0): 5232341198300,RADIO_STATE,RECV_MESSAGE,DONE,DEST:0
DEBUG (0): 5232341198400,CPU_STATE,CPU_ACTIVE
DEBUG (0): 5232341198500,CPU_STATE,CPU_POWER_DOWN
DEBUG (0): 5329994245624,CPU_STATE,CPU_ACTIVE
DEBUG (0): 5329994245824,CPU_STATE,CPU_ACTIVE
DEBUG (0): 5329994246024,CPU_STATE,CPU_POWER_DOWN
DEBUG (0): 5330025678846,RADIO_STATE,SEND_MESSAGE,ON,DEST:2,SIZE:35,DB:0
DEBUG (0): 5330040327198,RADIO_STATE,SEND_MESSAGE,OFF,DEST:2,SIZE:35
DEBUG (0): 5330042005755,CPU_STATE,CPU_ACTIVE
DEBUG (0): 5330042005855,CPU_STATE,CPU_POWER_DOWN
DEBUG (0): 5330363354377,RADIO_STATE,RECV_MESSAGE,DONE,DEST:0
DEBUG (0): 5330363354477,CPU_STATE,CPU_ACTIVE
DEBUG (0): 5330363354577,CPU_STATE,CPU_POWER_DOWN
DEBUG (0): 5428011823749,CPU_STATE,CPU_ACTIVE
DEBUG (0): 5428011823949,CPU_STATE,CPU_ACTIVE
DEBUG (0): 5428011824149,CPU_STATE,CPU_POWER_DOWN
DEBUG (0): 5428056989801,RADIO_STATE,SEND_MESSAGE,ON,DEST:2,SIZE:35,DB:0
DEBUG (0): 5428071638153,RADIO_STATE,SEND_MESSAGE,OFF,DEST:2,SIZE:35
DEBUG (0): 5428073316710,CPU_STATE,CPU_ACTIVE
DEBUG (0): 5428073316810,CPU_STATE,CPU_POWER_DOWN
DEBUG (0): 5431488386249,CPU_STATE,CPU_ACTIVE
DEBUG (0): 5431488386449,CPU_STATE,CPU_ACTIVE
DEBUG (0): 5431488386549,CPU_STATE,CPU_POWER_DOWN
DEBUG (0): 5431566358306,RADIO_STATE,SEND_MESSAGE,ON,DEST:2,SIZE:35,DB:0
DEBUG (0): 5431581006658,RADIO_STATE,SEND_MESSAGE,OFF,DEST:2,SIZE:35
DEBUG (0): 5431582685215,CPU_STATE,CPU_ACTIVE
DEBUG (0): 5431582685315,CPU_STATE,CPU_POWER_DOWN
DEBUG (0): 5431972392813,RADIO_STATE,RECV_MESSAGE,DONE,DEST:0
DEBUG (0): 5431972392913,CPU_STATE,CPU_ACTIVE
DEBUG (0): 5431972393013,CPU_STATE,CPU_POWER_DOWN
DEBUG (0): 5529623151874,CPU_STATE,CPU_ACTIVE
DEBUG (0): 5529623152074,CPU_STATE,CPU_ACTIVE
DEBUG (0): 5529623152274,CPU_STATE,CPU_POWER_DOWN
DEBUG (0): 5529685560257,RADIO_STATE,SEND_MESSAGE,ON,DEST:2,SIZE:35,DB:0
DEBUG (0): 5529700208609,RADIO_STATE,SEND_MESSAGE,OFF,DEST:2,SIZE:35
DEBUG (0): 5529701887166,CPU_STATE,CPU_ACTIVE
DEBUG (0): 5529701887266,CPU_STATE,CPU_POWER_DOWN
DEBUG (0): 5533119245624,CPU_STATE,CPU_ACTIVE
DEBUG (0): 5533119245824,CPU_STATE,CPU_ACTIVE
DEBUG (0): 5533119245924,CPU_STATE,CPU_POWER_DOWN
DEBUG (0): 5533159528692,RADIO_STATE,SEND_MESSAGE,ON,DEST:2,SIZE:35,DB:0
DEBUG (0): 5533174177044,RADIO_STATE,SEND_MESSAGE,OFF,DEST:2,SIZE:35
DEBUG (0): 5533175855601,CPU_STATE,CPU_ACTIVE
DEBUG (0): 5533175855701,CPU_STATE,CPU_POWER_DOWN
DEBUG (0): 5536586042499,CPU_STATE,CPU_ACTIVE
DEBUG (0): 5536586042699,CPU_STATE,CPU_ACTIVE
DEBUG (0): 5536586042799,CPU_STATE,CPU_POWER_DOWN
DEBUG (0): 5536667829231,RADIO_STATE,SEND_MESSAGE,ON,DEST:2,SIZE:35,DB:0
DEBUG (0): 5536682477583,RADIO_STATE,SEND_MESSAGE,OFF,DEST:2,SIZE:35
DEBUG (0): 5536684156140,CPU_STATE,CPU_ACTIVE
DEBUG (0): 5536684156240,CPU_STATE,CPU_POWER_DOWN
DEBUG (0): 5540101667499,CPU_STATE,CPU_ACTIVE
DEBUG (0): 5540101667699,CPU_STATE,CPU_ACTIVE
DEBUG (0): 5540101667799,CPU_STATE,CPU_POWER_DOWN
DEBUG (0): 5540107771079,RADIO_STATE,SEND_MESSAGE,ON,DEST:65535,SIZE:35,DB:0
DEBUG (0): 5540122419431,RADIO_STATE,SEND_MESSAGE,OFF,DEST:65535,SIZE:35
DEBUG (0): 5540124097988,CPU_STATE,CPU_ACTIVE
DEBUG (0): 5540124098088,CPU_STATE,CPU_POWER_DOWN
DEBUG (0): 5540190625920,RADIO_STATE,RECV_MESSAGE,DONE,DEST:65535
DEBUG (0): 5540218396754,RADIO_STATE,RECV_MESSAGE,DONE,DEST:65535
DEBUG (0): 5540281873046,RADIO_STATE,RECV_MESSAGE,DONE,DEST:65535
DEBUG (0): 5541233208684,RADIO_STATE,RECV_MESSAGE,DONE,DEST:0
DEBUG (0): 5541233208784,CPU_STATE,CPU_ACTIVE
DEBUG (0): 5541233208984,CPU_STATE,CPU_POWER_DOWN
DEBUG (0): 5541294701345,RADIO_STATE,SEND_MESSAGE,ON,DEST:1,SIZE:35,DB:41118
DEBUG (0): 5541314537655,RADIO_STATE,SEND_MESSAGE,OFF,DEST:1,SIZE:35
DEBUG (0): 5638880964374,CPU_STATE,CPU_ACTIVE
DEBUG (0): 5638880964574,CPU_STATE,CPU_ACTIVE
DEBUG (0): 5638880964774,CPU_STATE,CPU_POWER_DOWN
DEBUG (0): 5638931776145,RADIO_STATE,SEND_MESSAGE,ON,DEST:1,SIZE:35,DB:0
DEBUG (0): 5638946424497,RADIO_STATE,SEND_MESSAGE,OFF,DEST:1,SIZE:35
DEBUG (0): 5638948103054,CPU_STATE,CPU_ACTIVE
DEBUG (0): 5638948103154,CPU_STATE,CPU_POWER_DOWN
DEBUG (0): 5642357526874,CPU_STATE,CPU_ACTIVE
DEBUG (0): 5642357527074,CPU_STATE,CPU_ACTIVE
DEBUG (0): 5642357527174,CPU_STATE,CPU_POWER_DOWN
DEBUG (0): 5642402387552,RADIO_STATE,SEND_MESSAGE,ON,DEST:1,SIZE:35,DB:0
DEBUG (0): 5642417035904,RADIO_STATE,SEND_MESSAGE,OFF,DEST:1,SIZE:35
DEBUG (0): 5642418714461,CPU_STATE,CPU_ACTIVE
DEBUG (0): 5642418714561,CPU_STATE,CPU_POWER_DOWN
DEBUG (0): 5642810863651,RADIO_STATE,RECV_MESSAGE,DONE,DEST:0
DEBUG (0): 5642810863751,CPU_STATE,CPU_ACTIVE
DEBUG (0): 5642810863851,CPU_STATE,CPU_POWER_DOWN
DEBUG (0): 5740462995624,CPU_STATE,CPU_ACTIVE
DEBUG (0): 5740462995824,CPU_STATE,CPU_ACTIVE
DEBUG (0): 5740462996024,CPU_STATE,CPU_POWER_DOWN
DEBUG (0): 5740476728754,RADIO_STATE,SEND_MESSAGE,ON,DEST:1,SIZE:35,DB:0
DEBUG (0): 5740491377106,RADIO_STATE,SEND_MESSAGE,OFF,DEST:1,SIZE:35
DEBUG (0): 5740493055663,CPU_STATE,CPU_ACTIVE
DEBUG (0): 5740493055763,CPU_STATE,CPU_POWER_DOWN
DEBUG (0): 5743910261249,CPU_STATE,CPU_ACTIVE
DEBUG (0): 5743910261449,CPU_STATE,CPU_ACTIVE
DEBUG (0): 5743910261549,CPU_STATE,CPU_POWER_DOWN
DEBUG (0): 5744006848920,RADIO_STATE,SEND_MESSAGE,ON,DEST:1,SIZE:35,DB:0
DEBUG (0): 5744021497272,RADIO_STATE,SEND_MESSAGE,OFF,DEST:1,SIZE:35
DEBUG (0): 5744023175829,CPU_STATE,CPU_ACTIVE
DEBUG (0): 5744023175929,CPU_STATE,CPU_POWER_DOWN
DEBUG (0): 5744544413621,RADIO_STATE,RECV_MESSAGE,DONE,DEST:0
DEBUG (0): 5744544413721,CPU_STATE,CPU_ACTIVE
DEBUG (0): 5744544413821,CPU_STATE,CPU_POWER_DOWN
DEBUG (0): 5842191511249,CPU_STATE,CPU_ACTIVE
DEBUG (0): 5842191511449,CPU_STATE,CPU_ACTIVE
DEBUG (0): 5842191511649,CPU_STATE,CPU_POWER_DOWN
DEBUG (0): 5842224317754,RADIO_STATE,SEND_MESSAGE,ON,DEST:1,SIZE:35,DB:0
DEBUG (0): 5842238966106,RADIO_STATE,SEND_MESSAGE,OFF,DEST:1,SIZE:35
DEBUG (0): 5842240644663,CPU_STATE,CPU_ACTIVE
DEBUG (0): 5842240644763,CPU_STATE,CPU_POWER_DOWN
DEBUG (0): 5845658308124,CPU_STATE,CPU_ACTIVE
DEBUG (0): 5845658308324,CPU_STATE,CPU_ACTIVE
DEBUG (0): 5845658308424,CPU_STATE,CPU_POWER_DOWN
DEBUG (0): 5845681348861,RADIO_STATE,SEND_MESSAGE,ON,DEST:1,SIZE:35,DB:0
DEBUG (0): 5845695997213,RADIO_STATE,SEND_MESSAGE,OFF,DEST:1,SIZE:35
DEBUG (0): 5845697675770,CPU_STATE,CPU_ACTIVE
DEBUG (0): 5845697675870,CPU_STATE,CPU_POWER_DOWN
DEBUG (0): 5846156810653,RADIO_STATE,RECV_MESSAGE,DONE,DEST:0
DEBUG (0): 5846156810753,CPU_STATE,CPU_ACTIVE
DEBUG (0): 5846156810853,CPU_STATE,CPU_POWER_DOWN
DEBUG (0): 5943812604999,CPU_STATE,CPU_ACTIVE
DEBUG (0): 5943812605199,CPU_STATE,CPU_ACTIVE
DEBUG (0): 5943812605399,CPU_STATE,CPU_POWER_DOWN
DEBUG (0): 5943867536619,RADIO_STATE,SEND_MESSAGE,ON,DEST:1,SIZE:35,DB:0
DEBUG (0): 5943882184971,RADIO_STATE,SEND_MESSAGE,OFF,DEST:1,SIZE:35
DEBUG (0): 5943883863528,CPU_STATE,CPU_ACTIVE
DEBUG (0): 5943883863628,CPU_STATE,CPU_POWER_DOWN
DEBUG (0): 5944375041681,RADIO_STATE,RECV_MESSAGE,DONE,DEST:0
DEBUG (0): 5944375041781,CPU_STATE,CPU_ACTIVE
DEBUG (0): 5944375041881,CPU_STATE,CPU_POWER_DOWN
DEBUG (0): 6042025495624,CPU_STATE,CPU_ACTIVE
DEBUG (0): 6042025495824,CPU_STATE,CPU_ACTIVE
DEBUG (0): 6042025496024,CPU_STATE,CPU_POWER_DOWN
DEBUG (0): 6042041212385,RADIO_STATE,SEND_MESSAGE,ON,DEST:1,SIZE:35,DB:0
DEBUG (0): 6042055860737,RADIO_STATE,SEND_MESSAGE,OFF,DEST:1,SIZE:35
DEBUG (0): 6042057539294,CPU_STATE,CPU_ACTIVE
DEBUG (0): 6042057539394,CPU_STATE,CPU_POWER_DOWN
DEBUG (0): 6042600139266,RADIO_STATE,RECV_MESSAGE,DONE,DEST:0
DEBUG (0): 6042600139366,CPU_STATE,CPU_ACTIVE
DEBUG (0): 6042600139466,CPU_STATE,CPU_POWER_DOWN
DEBUG (0): 6140248151874,CPU_STATE,CPU_ACTIVE
DEBUG (0): 6140248152074,CPU_STATE,CPU_ACTIVE
DEBUG (0): 6140248152274,CPU_STATE,CPU_POWER_DOWN
DEBUG (0): 6140261885004,RADIO_STATE,SEND_MESSAGE,ON,DEST:1,SIZE:35,DB:0
DEBUG (0): 6140276533356,RADIO_STATE,SEND_MESSAGE,OFF,DEST:1,SIZE:35
DEBUG (0): 6140278211913,CPU_STATE,CPU_ACTIVE
DEBUG (0): 6140278212013,CPU_STATE,CPU_POWER_DOWN
DEBUG (0): 6140815013579,RADIO_STATE,RECV_MESSAGE,DONE,DEST:0
DEBUG (0): 6140815013679,CPU_STATE,CPU_ACTIVE
DEBUG (0): 6140815013779,CPU_STATE,CPU_POWER_DOWN
DEBUG (0): 6238470808124,CPU_STATE,CPU_ACTIVE
DEBUG (0): 6238470808324,CPU_STATE,CPU_ACTIVE
DEBUG (0): 6238470808524,CPU_STATE,CPU_POWER_DOWN
DEBUG (0): 6238498731845,RADIO_STATE,SEND_MESSAGE,ON,DEST:1,SIZE:35,DB:0
DEBUG (0): 6238513380197,RADIO_STATE,SEND_MESSAGE,OFF,DEST:1,SIZE:35
DEBUG (0): 6238515058754,CPU_STATE,CPU_ACTIVE
DEBUG (0): 6238515058854,CPU_STATE,CPU_POWER_DOWN
DEBUG (0): 6241927839374,CPU_STATE,CPU_ACTIVE
DEBUG (0): 6241927839574,CPU_STATE,CPU_ACTIVE
DEBUG (0): 6241927839674,CPU_STATE,CPU_POWER_DOWN
DEBUG (0): 6241999555364,RADIO_STATE,SEND_MESSAGE,ON,DEST:1,SIZE:35,DB:0
DEBUG (0): 6242014203716,RADIO_STATE,SEND_MESSAGE,OFF,DEST:1,SIZE:35
DEBUG (0): 6242015882273,CPU_STATE,CPU_ACTIVE
DEBUG (0): 6242015882373,CPU_STATE,CPU_POWER_DOWN
DEBUG (0): 6242531626933,RADIO_STATE,RECV_MESSAGE,DONE,DEST:0
DEBUG (0): 6242531627033,CPU_STATE,CPU_ACTIVE
DEBUG (0): 6242531627133,CPU_STATE,CPU_POWER_DOWN
DEBUG (0): 6340179792499,CPU_STATE,CPU_ACTIVE
DEBUG (0): 6340179792699,CPU_STATE,CPU_ACTIVE
DEBUG (0): 6340179792899,CPU_STATE,CPU_POWER_DOWN
DEBUG (0): 6340265241519,RADIO_STATE,SEND_MESSAGE,ON,DEST:1,SIZE:35,DB:0
DEBUG (0): 6340279889871,RADIO_STATE,SEND_MESSAGE,OFF,DEST:1,SIZE:35
DEBUG (0): 6340281568428,CPU_STATE,CPU_ACTIVE
DEBUG (0): 6340281568528,CPU_STATE,CPU_POWER_DOWN
DEBUG (0): 6340847666798,RADIO_STATE,RECV_MESSAGE,DONE,DEST:0
DEBUG (0): 6340847666898,CPU_STATE,CPU_ACTIVE
DEBUG (0): 6340847666998,CPU_STATE,CPU_POWER_DOWN
DEBUG (0): 6438500104999,CPU_STATE,CPU_ACTIVE
DEBUG (0): 6438500105199,CPU_STATE,CPU_ACTIVE
DEBUG (0): 6438500105399,CPU_STATE,CPU_POWER_DOWN
DEBUG (0): 6438539320158,RADIO_STATE,SEND_MESSAGE,ON,DEST:1,SIZE:35,DB:0
DEBUG (0): 6438553968510,RADIO_STATE,SEND_MESSAGE,OFF,DEST:1,SIZE:35
DEBUG (0): 6438555647067,CPU_STATE,CPU_ACTIVE
DEBUG (0): 6438555647167,CPU_STATE,CPU_POWER_DOWN
DEBUG (0): 6438996624097,RADIO_STATE,RECV_MESSAGE,DONE,DEST:0
DEBUG (0): 6438996624197,CPU_STATE,CPU_ACTIVE
DEBUG (0): 6438996624297,CPU_STATE,CPU_POWER_DOWN
DEBUG (0): 6536644636249,CPU_STATE,CPU_ACTIVE
DEBUG (0): 6536644636449,CPU_STATE,CPU_ACTIVE
DEBUG (0): 6536644636649,CPU_STATE,CPU_POWER_DOWN
DEBUG (0): 6536739087902,RADIO_STATE,SEND_MESSAGE,ON,DEST:1,SIZE:35,DB:0
DEBUG (0): 6536753736254,RADIO_STATE,SEND_MESSAGE,OFF,DEST:1,SIZE:35
DEBUG (0): 6536755414811,CPU_STATE,CPU_ACTIVE
DEBUG (0): 6536755414911,CPU_STATE,CPU_POWER_DOWN
DEBUG (0): 6537169841703,RADIO_STATE,RECV_MESSAGE,DONE,DEST:0
DEBUG (0): 6537169841803,CPU_STATE,CPU_ACTIVE
DEBUG (0): 6537169841903,CPU_STATE,CPU_POWER_DOWN
DEBUG (0): 6634818464374,CPU_STATE,CPU_ACTIVE
DEBUG (0): 6634818464574,CPU_STATE,CPU_ACTIVE
DEBUG (0): 6634818464774,CPU_STATE,CPU_POWER_DOWN
DEBUG (0): 6634886213302,RADIO_STATE,SEND_MESSAGE,ON,DEST:1,SIZE:35,DB:0
DEBUG (0): 6634900861654,RADIO_STATE,SEND_MESSAGE,OFF,DEST:1,SIZE:35
DEBUG (0): 6634902540211,CPU_STATE,CPU_ACTIVE
DEBUG (0): 6634902540311,CPU_STATE,CPU_POWER_DOWN
DEBUG (0): 6638314558124,CPU_STATE,CPU_ACTIVE
DEBUG (0): 6638314558324,CPU_STATE,CPU_ACTIVE
DEBUG (0): 6638314558424,CPU_STATE,CPU_POWER_DOWN
DEBUG (0): 6638412366491,RADIO_STATE,SEND_MESSAGE,ON,DEST:1,SIZE:35,DB:0
DEBUG (0): 6638427014843,RADIO_STATE,SEND_MESSAGE,OFF,DEST:1,SIZE:35
DEBUG (0): 6638428693400,CPU_STATE,CPU_ACTIVE
DEBUG (0): 6638428693500,CPU_STATE,CPU_POWER_DOWN
DEBUG (0): 6638863872124,RADIO_STATE,RECV_MESSAGE,DONE,DEST:0
DEBUG (0): 6638863872224,CPU_STATE,CPU_ACTIVE
DEBUG (0): 6638863872324,CPU_STATE,CPU_POWER_DOWN
DEBUG (0): 6736517683124,CPU_STATE,CPU_ACTIVE
DEBUG (0): 6736517683324,CPU_STATE,CPU_ACTIVE
DEBUG (0): 6736517683524,CPU_STATE,CPU_POWER_DOWN
DEBUG (0): 6736561323306,RADIO_STATE,SEND_MESSAGE,ON,DEST:1,SIZE:35,DB:0
DEBUG (0): 6736575971658,RADIO_STATE,SEND_MESSAGE,OFF,DEST:1,SIZE:35
DEBUG (0): 6736577650215,CPU_STATE,CPU_ACTIVE
DEBUG (0): 6736577650315,CPU_STATE,CPU_POWER_DOWN
DEBUG (0): 6736993450390,RADIO_STATE,RECV_MESSAGE,DONE,DEST:0
DEBUG (0): 6736993450490,CPU_STATE,CPU_ACTIVE
DEBUG (0): 6736993450590,CPU_STATE,CPU_POWER_DOWN
DEBUG (0): 6834642683124,CPU_STATE,CPU_ACTIVE
DEBUG (0): 6834642683324,CPU_STATE,CPU_ACTIVE
DEBUG (0): 6834642683524,CPU_STATE,CPU_POWER_DOWN
DEBUG (0): 6834684187088,RADIO_STATE,SEND_MESSAGE,ON,DEST:1,SIZE:35,DB:0
DEBUG (0): 6834698835440,RADIO_STATE,SEND_MESSAGE,OFF,DEST:1,SIZE:35
DEBUG (0): 6834700513997,CPU_STATE,CPU_ACTIVE
DEBUG (0): 6834700514097,CPU_STATE,CPU_POWER_DOWN
DEBUG (0): 6838109479999,CPU_STATE,CPU_ACTIVE
DEBUG (0): 6838109480199,CPU_STATE,CPU_ACTIVE
DEBUG (0): 6838109480299,CPU_STATE,CPU_POWER_DOWN
DEBUG (0): 6838199811603,RADIO_STATE,SEND_MESSAGE,ON,DEST:1,SIZE:35,DB:0
DEBUG (0): 6838214459955,RADIO_STATE,SEND_MESSAGE,OFF,DEST:1,SIZE:35
DEBUG (0): 6838216138512,CPU_STATE,CPU_ACTIVE
DEBUG (0): 6838216138612,CPU_STATE,CPU_POWER_DOWN
DEBUG (0): 6838569988365,RADIO_STATE,RECV_MESSAGE,DONE,DEST:0
DEBUG (0): 6838569988465,CPU_STATE,CPU_ACTIVE
DEBUG (0): 6838569988565,CPU_STATE,CPU_POWER_DOWN
DEBUG (0): 6936224714374,CPU_STATE,CPU_ACTIVE
DEBUG (0): 6936224714574,CPU_STATE,CPU_ACTIVE
DEBUG (0): 6936224714774,CPU_STATE,CPU_POWER_DOWN
DEBUG (0): 6936298414195,RADIO_STATE,SEND_MESSAGE,ON,DEST:1,SIZE:35,DB:0
DEBUG (0): 6936313062547,RADIO_STATE,SEND_MESSAGE,OFF,DEST:1,SIZE:35
DEBUG (0): 6936314741104,CPU_STATE,CPU_ACTIVE
DEBUG (0): 6936314741204,CPU_STATE,CPU_POWER_DOWN
DEBUG (0): 6936716808449,RADIO_STATE,RECV_MESSAGE,DONE,DEST:0
DEBUG (0): 6936716808549,CPU_STATE,CPU_ACTIVE
DEBUG (0): 6936716808649,CPU_STATE,CPU_POWER_DOWN
DEBUG (0): 7034369245624,CPU_STATE,CPU_ACTIVE
DEBUG (0): 7034369245824,CPU_STATE,CPU_ACTIVE
DEBUG (0): 7034369246024,CPU_STATE,CPU_POWER_DOWN
DEBUG (0): 7034379011492,RADIO_STATE,SEND_MESSAGE,ON,DEST:1,SIZE:35,DB:0
DEBUG (0): 7034393659844,RADIO_STATE,SEND_MESSAGE,OFF,DEST:1,SIZE:35
DEBUG (0): 7034395338401,CPU_STATE,CPU_ACTIVE
DEBUG (0): 7034395338501,CPU_STATE,CPU_POWER_DOWN
DEBUG (0): 7037806745624,CPU_STATE,CPU_ACTIVE
DEBUG (0): 7037806745824,CPU_STATE,CPU_ACTIVE
DEBUG (0): 7037806745924,CPU_STATE,CPU_POWER_DOWN
DEBUG (0): 7037854200281,RADIO_STATE,SEND_MESSAGE,ON,DEST:1,SIZE:35,DB:0
DEBUG (0): 7037868848633,RADIO_STATE,SEND_MESSAGE,OFF,DEST:1,SIZE:35
DEBUG (0): 7037870527190,CPU_STATE,CPU_ACTIVE
DEBUG (0): 7037870527290,CPU_STATE,CPU_POWER_DOWN
DEBUG (0): 7041283308124,CPU_STATE,CPU_ACTIVE
DEBUG (0): 7041283308324,CPU_STATE,CPU_ACTIVE
DEBUG (0): 7041283308424,CPU_STATE,CPU_POWER_DOWN
DEBUG (0): 7041313978211,RADIO_STATE,SEND_MESSAGE,ON,DEST:1,SIZE:35,DB:0
DEBUG (0): 7041328626563,RADIO_STATE,SEND_MESSAGE,OFF,DEST:1,SIZE:35
DEBUG (0): 7041330305120,CPU_STATE,CPU_ACTIVE
DEBUG (0): 7041330305220,CPU_STATE,CPU_POWER_DOWN
DEBUG (0): 7044740339374,CPU_STATE,CPU_ACTIVE
DEBUG (0): 7044740339574,CPU_STATE,CPU_ACTIVE
DEBUG (0): 7044740339674,CPU_STATE,CPU_POWER_DOWN
DEBUG (0): 7044785352639,RADIO_STATE,SEND_MESSAGE,ON,DEST:65535,SIZE:35,DB:0
DEBUG (0): 7044800000991,RADIO_STATE,SEND_MESSAGE,OFF,DEST:65535,SIZE:35
DEBUG (0): 7044801679548,CPU_STATE,CPU_ACTIVE
DEBUG (0): 7044801679648,CPU_STATE,CPU_POWER_DOWN
DEBUG (0): 7044824262424,RADIO_STATE,RECV_MESSAGE,DONE,DEST:65535
DEBUG (0): 7044890332595,RADIO_STATE,RECV_MESSAGE,DONE,DEST:65535
DEBUG (0): 7044911847362,RADIO_STATE,RECV_MESSAGE,DONE,DEST:65535
DEBUG (0): 7045268243337,RADIO_STATE,RECV_MESSAGE,DONE,DEST:0
DEBUG (0): 7045268243437,CPU_STATE,CPU_ACTIVE
DEBUG (0): 7045268243637,CPU_STATE,CPU_POWER_DOWN
DEBUG (0): 7045325768736,RADIO_STATE,SEND_MESSAGE,ON,DEST:2,SIZE:35,DB:46509
DEBUG (0): 7045345605046,RADIO_STATE,SEND_MESSAGE,OFF,DEST:2,SIZE:35
DEBUG (0): 7045661026400,RADIO_STATE,RECV_MESSAGE,DONE,DEST:0
DEBUG (0): 7045661026500,CPU_STATE,CPU_ACTIVE
DEBUG (0): 7045661026700,CPU_STATE,CPU_POWER_DOWN
DEBUG (0): 7045679947288,RADIO_STATE,SEND_MESSAGE,ON,DEST:2,SIZE:35,DB:44973
DEBUG (0): 7045699783598,RADIO_STATE,SEND_MESSAGE,OFF,DEST:2,SIZE:35
DEBUG (0): 7143314558124,CPU_STATE,CPU_ACTIVE
DEBUG (0): 7143314558324,CPU_STATE,CPU_ACTIVE
DEBUG (0): 7143314558524,CPU_STATE,CPU_POWER_DOWN
DEBUG (0): 7143337293887,RADIO_STATE,SEND_MESSAGE,ON,DEST:2,SIZE:35,DB:0
DEBUG (0): 7143351942239,RADIO_STATE,SEND_MESSAGE,OFF,DEST:2,SIZE:35
DEBUG (0): 7143353620796,CPU_STATE,CPU_ACTIVE
DEBUG (0): 7143353620896,CPU_STATE,CPU_POWER_DOWN
DEBUG (0): 7143638653712,RADIO_STATE,RECV_MESSAGE,DONE,DEST:0
DEBUG (0): 7143638653812,CPU_STATE,CPU_ACTIVE
DEBUG (0): 7143638653912,CPU_STATE,CPU_POWER_DOWN
DEBUG (0): 7241293073749,CPU_STATE,CPU_ACTIVE
DEBUG (0): 7241293073949,CPU_STATE,CPU_ACTIVE
DEBUG (0): 7241293074149,CPU_STATE,CPU_POWER_DOWN
DEBUG (0): 7241365705461,RADIO_STATE,SEND_MESSAGE,ON,DEST:2,SIZE:35,DB:0
DEBUG (0): 7241380353813,RADIO_STATE,SEND_MESSAGE,OFF,DEST:2,SIZE:35
DEBUG (0): 7241382032370,CPU_STATE,CPU_ACTIVE
DEBUG (0): 7241382032470,CPU_STATE,CPU_POWER_DOWN
DEBUG (0): 7241664013546,RADIO_STATE,RECV_MESSAGE,DONE,DEST:0
DEBUG (0): 7241664013646,CPU_STATE,CPU_ACTIVE
DEBUG (0): 7241664013746,CPU_STATE,CPU_POWER_DOWN
DEBUG (0): 7339310651874,CPU_STATE,CPU_ACTIVE
DEBUG (0): 7339310652074,CPU_STATE,CPU_ACTIVE
DEBUG (0): 7339310652274,CPU_STATE,CPU_POWER_DOWN
DEBUG (0): 7339405103527,RADIO_STATE,SEND_MESSAGE,ON,DEST:2,SIZE:35,DB:0
DEBUG (0): 7339419751879,RADIO_STATE,SEND_MESSAGE,OFF,DEST:2,SIZE:35
DEBUG (0): 7339421430436,CPU_STATE,CPU_ACTIVE
DEBUG (0): 7339421430536,CPU_STATE,CPU_POWER_DOWN
DEBUG (0): 7342836042499,CPU_STATE,CPU_ACTIVE
DEBUG (0): 7342836042699,CPU_STATE,CPU_ACTIVE
DEBUG (0): 7342836042799,CPU_STATE,CPU_POWER_DOWN
DEBUG (0): 7342905469684,RADIO_STATE,SEND_MESSAGE,ON,DEST:2,SIZE:35,DB:0
DEBUG (0): 7342920118036,RADIO_STATE,SEND_MESSAGE,OFF,DEST:2,SIZE:35
DEBUG (0): 7342921796593,CPU_STATE,CPU_ACTIVE
DEBUG (0): 7342921796693,CPU_STATE,CPU_POWER_DOWN
DEBUG (0): 7343274883311,RADIO_STATE,RECV_MESSAGE,DONE,DEST:0
DEBUG (0): 7343274883411,CPU_STATE,CPU_ACTIVE
DEBUG (0): 7343274883511,CPU_STATE,CPU_POWER_DOWN
DEBUG (0): 7440921979999,CPU_STATE,CPU_ACTIVE
DEBUG (0): 7440921980199,CPU_STATE,CPU_ACTIVE
DEBUG (0): 7440921980399,CPU_STATE,CPU_POWER_DOWN
DEBUG (0): 7440934187259,RADIO_STATE,SEND_MESSAGE,ON,DEST:2,SIZE:35,DB:0
DEBUG (0): 7440948835611,RADIO_STATE,SEND_MESSAGE,OFF,DEST:2,SIZE:35
DEBUG (0): 7440950514168,CPU_STATE,CPU_ACTIVE
DEBUG (0): 7440950514268,CPU_STATE,CPU_POWER_DOWN
DEBUG (0): 7444359479999,CPU_STATE,CPU_ACTIVE
DEBUG (0): 7444359480199,CPU_STATE,CPU_ACTIVE
DEBUG (0): 7444359480299,CPU_STATE,CPU_POWER_DOWN
DEBUG (0): 7444422345943,RADIO_STATE,SEND_MESSAGE,ON,DEST:2,SIZE:35,DB:0
DEBUG (0): 7444436994295,RADIO_STATE,SEND_MESSAGE,OFF,DEST:2,SIZE:35
DEBUG (0): 7444438672852,CPU_STATE,CPU_ACTIVE
DEBUG (0): 7444438672952,CPU_STATE,CPU_POWER_DOWN
DEBUG (0): 7444852184022,RADIO_STATE,RECV_MESSAGE,DONE,DEST:0
DEBUG (0): 7444852184122,CPU_STATE,CPU_ACTIVE
DEBUG (0): 7444852184222,CPU_STATE,CPU_POWER_DOWN
DEBUG (0): 7542504011249,CPU_STATE,CPU_ACTIVE
DEBUG (0): 7542504011449,CPU_STATE,CPU_ACTIVE
DEBUG (0): 7542504011649,CPU_STATE,CPU_POWER_DOWN
DEBUG (0): 7542611280210,RADIO_STATE,SEND_MESSAGE,ON,DEST:2,SIZE:35,DB:0
DEBUG (0): 7542625928562,RADIO_STATE,SEND_MESSAGE,OFF,DEST:2,SIZE:35
DEBUG (0): 7542627607119,CPU_STATE,CPU_ACTIVE
DEBUG (0): 7542627607219,CPU_STATE,CPU_POWER_DOWN
DEBUG (0): 7542990001644,RADIO_STATE,RECV_MESSAGE,DONE,DEST:0
DEBUG (0): 7542990001744,CPU_STATE,CPU_ACTIVE
DEBUG (0): 7542990001844,CPU_STATE,CPU_POWER_DOWN
DEBUG (0): 7640638776874,CPU_STATE,CPU_ACTIVE
DEBUG (0): 7640638777074,CPU_STATE,CPU_ACTIVE
DEBUG (0): 7640638777274,CPU_STATE,CPU_POWER_DOWN
DEBUG (0): 7640673261836,RADIO_STATE,SEND_MESSAGE,ON,DEST:2,SIZE:35,DB:0
DEBUG (0): 7640687910188,RADIO_STATE,SEND_MESSAGE,OFF,DEST:2,SIZE:35
DEBUG (0): 7640689588745,CPU_STATE,CPU_ACTIVE
DEBUG (0): 7640689588845,CPU_STATE,CPU_POWER_DOWN
DEBUG (0): 7644105573749,CPU_STATE,CPU_ACTIVE
DEBUG (0): 7644105573949,CPU_STATE,CPU_ACTIVE
DEBUG (0): 7644105574049,CPU_STATE,CPU_POWER_DOWN
DEBUG (0): 7644120374788,RADIO_STATE,SEND_MESSAGE,ON,DEST:2,SIZE:35,DB:0
DEBUG (0): 7644135023140,RADIO_STATE,SEND_MESSAGE,OFF,DEST:2,SIZE:35
DEBUG (0): 7644136701697,CPU_STATE,CPU_ACTIVE
DEBUG (0): 7644136701797,CPU_STATE,CPU_POWER_DOWN
DEBUG (0): 7644438366596,RADIO_STATE,RECV_MESSAGE,DONE,DEST:0
DEBUG (0): 7644438366696,CPU_STATE,CPU_ACTIVE
DEBUG (0): 7644438366796,CPU_STATE,CPU_POWER_DOWN
DEBUG (0): 7742093854999,CPU_STATE,CPU_ACTIVE
DEBUG (0): 7742093855199,CPU_STATE,CPU_ACTIVE
DEBUG (0): 7742093855399,CPU_STATE,CPU_POWER_DOWN
DEBUG (0): 7742100111366,RADIO_STATE,SEND_MESSAGE,ON,DEST:2,SIZE:35,DB:0
DEBUG (0): 7742114759718,RADIO_STATE,SEND_MESSAGE,OFF,DEST:2,SIZE:35
DEBUG (0): 7742116438275,CPU_STATE,CPU_ACTIVE
DEBUG (0): 7742116438375,CPU_STATE,CPU_POWER_DOWN
DEBUG (0): 7742452130075,RADIO_STATE,RECV_MESSAGE,DONE,DEST:0
DEBUG (0): 7742452130175,CPU_STATE,CPU_ACTIVE
DEBUG (0): 7742452130275,CPU_STATE,CPU_POWER_DOWN
DEBUG (0): 7840101667499,CPU_STATE,CPU_ACTIVE
DEBUG (0): 7840101667699,CPU_STATE,CPU_ACTIVE
DEBUG (0): 7840101667899,CPU_STATE,CPU_POWER_DOWN
DEBUG (0): 7840112806650,RADIO_STATE,SEND_MESSAGE,ON,DEST:2,SIZE:35,DB:0
DEBUG (0): 7840127455002,RADIO_STATE,SEND_MESSAGE,OFF,DEST:2,SIZE:35
DEBUG (0): 7840129133559,CPU_STATE,CPU_ACTIVE
DEBUG (0): 7840129133659,CPU_STATE,CPU_POWER_DOWN
DEBUG (0): 7840407452647,RADIO_STATE,RECV_MESSAGE,DONE,DEST:0
DEBUG (0): 7840407452747,CPU_STATE,CPU_ACTIVE
DEBUG (0): 7840407452847,CPU_STATE,CPU_POWER_DOWN
DEBUG (0): 7938060651874,CPU_STATE,CPU_ACTIVE
DEBUG (0): 7938060652074,CPU_STATE,CPU_ACTIVE
DEBUG (0): 7938060652274,CPU_STATE,CPU_POWER_DOWN
DEBUG (0): 7938076368635,RADIO_STATE,SEND_MESSAGE,ON,DEST:2,SIZE:35,DB:0
DEBUG (0): 7938091016987,RADIO_STATE,SEND_MESSAGE,OFF,DEST:2,SIZE:35
DEBUG (0): 7938092695544,CPU_STATE,CPU_ACTIVE
DEBUG (0): 7938092695644,CPU_STATE,CPU_POWER_DOWN
DEBUG (0): 7938548931074,RADIO_STATE,RECV_MESSAGE,DONE,DEST:0
DEBUG (0): 7938548931174,CPU_STATE,CPU_ACTIVE
DEBUG (0): 7938548931274,CPU_STATE,CPU_POWER_DOWN
DEBUG (0): 8036195417499,CPU_STATE,CPU_ACTIVE
DEBUG (0): 8036195417699,CPU_STATE,CPU_ACTIVE
DEBUG (0): 8036195417899,CPU_STATE,CPU_POWER_DOWN
DEBUG (0): 8036235395593,RADIO_STATE,SEND_MESSAGE,ON,DEST:2,SIZE:35,DB:0
DEBUG (0): 8036250043945,RADIO_STATE,SEND_MESSAGE,OFF,DEST:2,SIZE:35
DEBUG (0): 8036251722502,CPU_STATE,CPU_ACTIVE
DEBUG (0): 8036251722602,CPU_STATE,CPU_POWER_DOWN
DEBUG (0): 8036477246488,RADIO_STATE,RECV_MESSAGE,DONE,DEST:0
DEBUG (0): 8036477246588,CPU_STATE,CPU_ACTIVE
DEBUG (0): 8036477246688,CPU_STATE,CPU_POWER_DOWN
DEBUG (0): 8134125104999,CPU_STATE,CPU_ACTIVE
DEBUG (0): 8134125105199,CPU_STATE,CPU_ACTIVE
DEBUG (0): 8134125105399,CPU_STATE,CPU_POWER_DOWN
DEBUG (0): 8134169813290,RADIO_STATE,SEND_MESSAGE,ON,DEST:2,SIZE:35,DB:0
DEBUG (0): 8134184461642,RADIO_STATE,SEND_MESSAGE,OFF,DEST:2,SIZE:35
DEBUG (0): 8134186140199,CPU_STATE,CPU_ACTIVE
DEBUG (0): 8134186140299,CPU_STATE,CPU_POWER_DOWN
DEBUG (0): 8134484143010,RADIO_STATE,RECV_MESSAGE,DONE,DEST:0
DEBUG (0): 8134484143110,CPU_STATE,CPU_ACTIVE
DEBUG (0): 8134484143210,CPU_STATE,CPU_POWER_DOWN
DEBUG (0): 8232132917499,CPU_STATE,CPU_ACTIVE
DEBUG (0): 8232132917699,CPU_STATE,CPU_ACTIVE
DEBUG (0): 8232132917899,CPU_STATE,CPU_POWER_DOWN
DEBUG (0): 8232210431995,RADIO_STATE,SEND_MESSAGE,ON,DEST:2,SIZE:35,DB:0
DEBUG (0): 8232225080347,RADIO_STATE,SEND_MESSAGE,OFF,DEST:2,SIZE:35
DEBUG (0): 8232226758904,CPU_STATE,CPU_ACTIVE
DEBUG (0): 8232226759004,CPU_STATE,CPU_POWER_DOWN
DEBUG (0): 8235638776874,CPU_STATE,CPU_ACTIVE
DEBUG (0): 8235638777074,CPU_STATE,CPU_ACTIVE
DEBUG (0): 8235638777174,CPU_STATE,CPU_POWER_DOWN
DEBUG (0): 8235699506600,RADIO_STATE,SEND_MESSAGE,ON,DEST:2,SIZE:35,DB:0
DEBUG (0): 8235714154952,RADIO_STATE,SEND_MESSAGE,OFF,DEST:2,SIZE:35
DEBUG (0): 8235715833509,CPU_STATE,CPU_ACTIVE
DEBUG (0): 8235715833609,CPU_STATE,CPU_POWER_DOWN
DEBUG (0): 8236062816747,RADIO_STATE,RECV_MESSAGE,DONE,DEST:0
DEBUG (0): 8236062816847,CPU_STATE,CPU_ACTIVE
DEBUG (0): 8236062816947,CPU_STATE,CPU_POWER_DOWN
DEBUG (0): 8333714948749,CPU_STATE,CPU_ACTIVE
DEBUG (0): 8333714948949,CPU_STATE,CPU_ACTIVE
DEBUG (0): 8333714949149,CPU_STATE,CPU_POWER_DOWN
DEBUG (0): 8333730970684,RADIO_STATE,SEND_MESSAGE,ON,DEST:2,SIZE:35,DB:0
DEBUG (0): 8333745619036,RADIO_STATE,SEND_MESSAGE,OFF,DEST:2,SIZE:35
DEBUG (0): 8333747297593,CPU_STATE,CPU_ACTIVE
DEBUG (0): 8333747297693,CPU_STATE,CPU_POWER_DOWN
DEBUG (0): 8337162214374,CPU_STATE,CPU_ACTIVE
DEBUG (0): 8337162214574,CPU_STATE,CPU_ACTIVE
DEBUG (0): 8337162214674,CPU_STATE,CPU_POWER_DOWN
DEBUG (0): 8337249951999,RADIO_STATE,SEND_MESSAGE,ON,DEST:2,SIZE:35,DB:0
DEBUG (0): 8337264600351,RADIO_STATE,SEND_MESSAGE,OFF,DEST:2,SIZE:35
DEBUG (0): 8337266278908,CPU_STATE,CPU_ACTIVE
DEBUG (0): 8337266279008,CPU_STATE,CPU_POWER_DOWN
DEBUG (0): 8340677839374,CPU_STATE,CPU_ACTIVE
DEBUG (0): 8340677839574,CPU_STATE,CPU_ACTIVE
DEBUG (0): 8340677839674,CPU_STATE,CPU_POWER_DOWN
DEBUG (0): 8340725904379,RADIO_STATE,SEND_MESSAGE,ON,DEST:2,SIZE:35,DB:0
DEBUG (0): 8340740552731,RADIO_STATE,SEND_MESSAGE,OFF,DEST:2,SIZE:35
DEBUG (0): 8340742231288,CPU_STATE,CPU_ACTIVE
DEBUG (0): 8340742231388,CPU_STATE,CPU_POWER_DOWN
DEBUG (0): 8341100963725,RADIO_STATE,RECV_MESSAGE,DONE,DEST:0
DEBUG (0): 8341100963825,CPU_STATE,CPU_ACTIVE
DEBUG (0): 8341100963925,CPU_STATE,CPU_POWER_DOWN
DEBUG (0): 8438754011249,CPU_STATE,CPU_ACTIVE
DEBUG (0): 8438754011449,CPU_STATE,CPU_ACTIVE
DEBUG (0): 8438754011649,CPU_STATE,CPU_POWER_DOWN
DEBUG (0): 8438788953972,RADIO_STATE,SEND_MESSAGE,ON,DEST:2,SIZE:35,DB:0
DEBUG (0): 8438803602324,RADIO_STATE,SEND_MESSAGE,OFF,DEST:2,SIZE:35
DEBUG (0): 8438805280881,CPU_STATE,CPU_ACTIVE
DEBUG (0): 8438805280981,CPU_STATE,CPU_POWER_DOWN
DEBUG (0): 8439161114165,RADIO_STATE,RECV_MESSAGE,DONE,DEST:0
DEBUG (0): 8439161114265,CPU_STATE,CPU_ACTIVE
DEBUG (0): 8439161114365,CPU_STATE,CPU_POWER_DOWN
DEBUG (0): 8536810651874,CPU_STATE,CPU_ACTIVE
DEBUG (0): 8536810652074,CPU_STATE,CPU_ACTIVE
DEBUG (0): 8536810652274,CPU_STATE,CPU_POWER_DOWN
DEBUG (0): 8536838728182,RADIO_STATE,SEND_MESSAGE,ON,DEST:2,SIZE:35,DB:0
DEBUG (0): 8536853376534,RADIO_STATE,SEND_MESSAGE,OFF,DEST:2,SIZE:35
DEBUG (0): 8536855055091,CPU_STATE,CPU_ACTIVE
DEBUG (0): 8536855055191,CPU_STATE,CPU_POWER_DOWN
DEBUG (0): 8540267683124,CPU_STATE,CPU_ACTIVE
DEBUG (0): 8540267683324,CPU_STATE,CPU_ACTIVE
DEBUG (0): 8540267683424,CPU_STATE,CPU_POWER_DOWN
DEBUG (0): 8540350843139,RADIO_STATE,SEND_MESSAGE,ON,DEST:2,SIZE:35,DB:0
DEBUG (0): 8540365491491,RADIO_STATE,SEND_MESSAGE,OFF,DEST:2,SIZE:35
DEBUG (0): 8540367170048,CPU_STATE,CPU_ACTIVE
DEBUG (0): 8540367170148,CPU_STATE,CPU_POWER_DOWN
DEBUG (0): 8540622448499,RADIO_STATE,RECV_MESSAGE,DONE,DEST:0
DEBUG (0): 8540622448599,CPU_STATE,CPU_ACTIVE
DEBUG (0): 8540622448699,CPU_STATE,CPU_POWER_DOWN
DEBUG (0): 8638275495624,CPU_STATE,CPU_ACTIVE
DEBUG (0): 8638275495824,CPU_STATE,CPU_ACTIVE
DEBUG (0): 8638275496024,CPU_STATE,CPU_POWER_DOWN
DEBUG (0): 8638352857533,RADIO_STATE,SEND_MESSAGE,ON,DEST:2,SIZE:35,DB:0
DEBUG (0): 8638367505885,RADIO_STATE,SEND_MESSAGE,OFF,DEST:2,SIZE:35
DEBUG (0): 8638369184442,CPU_STATE,CPU_ACTIVE
DEBUG (0): 8638369184542,CPU_STATE,CPU_POWER_DOWN
DEBUG (0): 8638669628645,RADIO_STATE,RECV_MESSAGE,DONE,DEST:0
DEBUG (0): 8638669628745,CPU_STATE,CPU_ACTIVE
DEBUG (0): 8638669628845,CPU_STATE,CPU_POWER_DOWN
DEBUG (0): 8736322370624,CPU_STATE,CPU_ACTIVE
DEBUG (0): 8736322370824,CPU_STATE,CPU_ACTIVE
DEBUG (0): 8736322371024,CPU_STATE,CPU_POWER_DOWN
DEBUG (0): 8736385236768,RADIO_STATE,SEND_MESSAGE,ON,DEST:2,SIZE:35,DB:0
DEBUG (0): 8736399885120,RADIO_STATE,SEND_MESSAGE,OFF,DEST:2,SIZE:35
DEBUG (0): 8736401563677,CPU_STATE,CPU_ACTIVE
DEBUG (0): 8736401563777,CPU_STATE,CPU_POWER_DOWN
DEBUG (0): 8736626019554,RADIO_STATE,RECV_MESSAGE,DONE,DEST:0
DEBUG (0): 8736626019654,CPU_STATE,CPU_ACTIVE
DEBUG (0): 8736626019754,CPU_STATE,CPU_POWER_DOWN
DEBUG (0): 8834281354999,CPU_STATE,CPU_ACTIVE
DEBUG (0): 8834281355199,CPU_STATE,CPU_ACTIVE
DEBUG (0): 8834281355399,CPU_STATE,CPU_POWER_DOWN
DEBUG (0): 8834294935542,RADIO_STATE,SEND_MESSAGE,ON,DEST:2,SIZE:35,DB:0
DEBUG (0): 8834309583894,RADIO_STATE,SEND_MESSAGE,OFF,DEST:2,SIZE:35
DEBUG (0): 8834311262451,CPU_STATE,CPU_ACTIVE
DEBUG (0): 8834311262551,CPU_STATE,CPU_POWER_DOWN
DEBUG (0): 8837728620624,CPU_STATE,CPU_ACTIVE
DEBUG (0): 8837728620824,CPU_STATE,CPU_ACTIVE
DEBUG (0): 8837728620924,CPU_STATE,CPU_POWER_DOWN
DEBUG (0): 8837810254769,RADIO_STATE,SEND_MESSAGE,ON,DEST:2,SIZE:35,DB:0
DEBUG (0): 8837824903121,RADIO_STATE,SEND_MESSAGE,OFF,DEST:2,SIZE:35
DEBUG (0): 8837826581678,CPU_STATE,CPU_ACTIVE
DEBUG (0): 8837826581778,CPU_STATE,CPU_POWER_DOWN
DEBUG (0): 8838188976203,RADIO_STATE,RECV_MESSAGE,DONE,DEST:0
DEBUG (0): 8838188976303,CPU_STATE,CPU_ACTIVE
DEBUG (0): 8838188976403,CPU_STATE,CPU_POWER_DOWN
DEBUG (0): 8935843854999,CPU_STATE,CPU_ACTIVE
DEBUG (0): 8935843855199,CPU_STATE,CPU_ACTIVE
DEBUG (0): 8935843855399,CPU_STATE,CPU_POWER_DOWN
DEBUG (0): 8935868879567,RADIO_STATE,SEND_MESSAGE,ON,DEST:2,SIZE:35,DB:0
DEBUG (0): 8935883527919,RADIO_STATE,SEND_MESSAGE,OFF,DEST:2,SIZE:35
DEBUG (0): 8935885206476,CPU_STATE,CPU_ACTIVE
DEBUG (0): 8935885206576,CPU_STATE,CPU_POWER_DOWN
DEBUG (0): 8939300886249,CPU_STATE,CPU_ACTIVE
DEBUG (0): 8939300886449,CPU_STATE,CPU_ACTIVE
DEBUG (0): 8939300886549,CPU_STATE,CPU_POWER_DOWN
DEBUG (0): 8939357801300,RADIO_STATE,SEND_MESSAGE,ON,DEST:2,SIZE:35,DB:0
DEBUG (0): 8939372449652,RADIO_STATE,SEND_MESSAGE,OFF,DEST:2,SIZE:35
DEBUG (0): 8939374128209,CPU_STATE,CPU_ACTIVE
DEBUG (0): 8939374128309,CPU_STATE,CPU_POWER_DOWN
DEBUG (0): 8939783366943,RADIO_STATE,RECV_MESSAGE,DONE,DEST:0
DEBUG (0): 8939783367043,CPU_STATE,CPU_ACTIVE
DEBUG (0): 8939783367143,CPU_STATE,CPU_POWER_DOWN
DEBUG (0): 9037435651874,CPU_STATE,CPU_ACTIVE
DEBUG (0): 9037435652074,CPU_STATE,CPU_ACTIVE
DEBUG (0): 9037435652274,CPU_STATE,CPU_POWER_DOWN
DEBUG (0): 9037481886035,RADIO_STATE,SEND_MESSAGE,ON,DEST:2,SIZE:35,DB:0
DEBUG (0): 9037496534387,RADIO_STATE,SEND_MESSAGE,OFF,DEST:2,SIZE:35
DEBUG (0): 9037498212944,CPU_STATE,CPU_ACTIVE
DEBUG (0): 9037498213044,CPU_STATE,CPU_POWER_DOWN
DEBUG (0): 9037897991284,RADIO_STATE,RECV_MESSAGE,DONE,DEST:0
DEBUG (0): 9037897991384,CPU_STATE,CPU_ACTIVE
DEBUG (0): 9037897991484,CPU_STATE,CPU_POWER_DOWN
DEBUG (0): 9135550886249,CPU_STATE,CPU_ACTIVE
DEBUG (0): 9135550886449,CPU_STATE,CPU_ACTIVE
DEBUG (0): 9135550886649,CPU_STATE,CPU_POWER_DOWN
DEBUG (0): 9135635114573,RADIO_STATE,SEND_MESSAGE,ON,DEST:2,SIZE:35,DB:0
DEBUG (0): 9135649762925,RADIO_STATE,SEND_MESSAGE,OFF,DEST:2,SIZE:35
DEBUG (0): 9135651441482,CPU_STATE,CPU_ACTIVE
DEBUG (0): 9135651441582,CPU_STATE,CPU_POWER_DOWN
DEBUG (0): 9136011699789,RADIO_STATE,RECV_MESSAGE,DONE,DEST:0
DEBUG (0): 9136011699889,CPU_STATE,CPU_ACTIVE
DEBUG (0): 9136011699989,CPU_STATE,CPU_POWER_DOWN
DEBUG (0): 9233666120624,CPU_STATE,CPU_ACTIVE
DEBUG (0): 9233666120824,CPU_STATE,CPU_ACTIVE
DEBUG (0): 9233666121024,CPU_STATE,CPU_POWER_DOWN
DEBUG (0): 9233706251305,RADIO_STATE,SEND_MESSAGE,ON,DEST:2,SIZE:35,DB:0
DEBUG (0): 9233720899657,RADIO_STATE,SEND_MESSAGE,OFF,DEST:2,SIZE:35
DEBUG (0): 9233722578214,CPU_STATE,CPU_ACTIVE
DEBUG (0): 9233722578314,CPU_STATE,CPU_POWER_DOWN
DEBUG (0): 9234073223540,RADIO_STATE,RECV_MESSAGE,DONE,DEST:0
DEBUG (0): 9234073223640,CPU_STATE,CPU_ACTIVE
DEBUG (0): 9234073223740,CPU_STATE,CPU_POWER_DOWN
DEBUG (0): 9331722761249,CPU_STATE,CPU_ACTIVE
DEBUG (0): 9331722761449,CPU_STATE,CPU_ACTIVE
DEBUG (0): 9331722761649,CPU_STATE,CPU_POWER_DOWN
DEBUG (0): 9331754804819,RADIO_STATE,SEND_MESSAGE,ON,DEST:2,SIZE:35,DB:0
DEBUG (0): 9331769453171,RADIO_STATE,SEND_MESSAGE,OFF,DEST:2,SIZE:35
DEBUG (0): 9331771131728,CPU_STATE,CPU_ACTIVE
DEBUG (0): 9331771131828,CPU_STATE,CPU_POWER_DOWN
DEBUG (0): 9332145885800,RADIO_STATE,RECV_MESSAGE,DONE,DEST:0
DEBUG (0): 9332145885900,CPU_STATE,CPU_ACTIVE
DEBUG (0): 9332145886000,CPU_STATE,CPU_POWER_DOWN
DEBUG (0): 9429798933124,CPU_STATE,CPU_ACTIVE
DEBUG (0): 9429798933324,CPU_STATE,CPU_ACTIVE
DEBUG (0): 9429798933524,CPU_STATE,CPU_POWER_DOWN
DEBUG (0): 9429821821474,RADIO_STATE,SEND_MESSAGE,ON,DEST:2,SIZE:35,DB:0
DEBUG (0): 9429836469826,RADIO_STATE,SEND_MESSAGE,OFF,DEST:2,SIZE:35
DEBUG (0): 9429838148383,CPU_STATE,CPU_ACTIVE
DEBUG (0): 9429838148483,CPU_STATE,CPU_POWER_DOWN
DEBUG (0): 9430148663328,RADIO_STATE,RECV_MESSAGE,DONE,DEST:0
DEBUG (0): 9430148663428,CPU_STATE,CPU_ACTIVE
DEBUG (0): 9430148663528,CPU_STATE,CPU_POWER_DOWN
DEBUG (0): 9527796979999,CPU_STATE,CPU_ACTIVE
DEBUG (0): 9527796980199,CPU_STATE,CPU_ACTIVE
DEBUG (0): 9527796980399,CPU_STATE,CPU_POWER_DOWN
DEBUG (0): 9527818647653,RADIO_STATE,SEND_MESSAGE,ON,DEST:2,SIZE:35,DB:0
DEBUG (0): 9527833296005,RADIO_STATE,SEND_MESSAGE,OFF,DEST:2,SIZE:35
DEBUG (0): 9527834974562,CPU_STATE,CPU_ACTIVE
DEBUG (0): 9527834974662,CPU_STATE,CPU_POWER_DOWN
DEBUG (0): 9528093152166,RADIO_STATE,RECV_MESSAGE,DONE,DEST:0
DEBUG (0): 9528093152266,CPU_STATE,CPU_ACTIVE
DEBUG (0): 9528093152366,CPU_STATE,CPU_POWER_DOWN
DEBUG (0): 9625746198749,CPU_STATE,CPU_ACTIVE
DEBUG (0): 9625746198949,CPU_STATE,CPU_ACTIVE
DEBUG (0): 9625746199149,CPU_STATE,CPU_POWER_DOWN
DEBUG (0): 9625836683140,RADIO_STATE,SEND_MESSAGE,ON,DEST:2,SIZE:35,DB:0
DEBUG (0): 9625851331492,RADIO_STATE,SEND_MESSAGE,OFF,DEST:2,SIZE:35
DEBUG (0): 9625853010049,CPU_STATE,CPU_ACTIVE
DEBUG (0): 9625853010149,CPU_STATE,CPU_POWER_DOWN
DEBUG (0): 9626066327075,RADIO_STATE,RECV_MESSAGE,DONE,DEST:0
DEBUG (0): 9626066327175,CPU_STATE,CPU_ACTIVE
DEBUG (0): 9626066327275,CPU_STATE,CPU_POWER_DOWN
DEBUG (0): 9723714948749,CPU_STATE,CPU_ACTIVE
DEBUG (0): 9723714948949,CPU_STATE,CPU_ACTIVE
DEBUG (0): 9723714949149,CPU_STATE,CPU_POWER_DOWN
DEBUG (0): 9723760267388,RADIO_STATE,SEND_MESSAGE,ON,DEST:2,SIZE:35,DB:0
DEBUG (0): 9723774915740,RADIO_STATE,SEND_MESSAGE,OFF,DEST:2,SIZE:35
DEBUG (0): 9723776594297,CPU_STATE,CPU_ACTIVE
DEBUG (0): 9723776594397,CPU_STATE,CPU_POWER_DOWN
DEBUG (0): 9724141430214,RADIO_STATE,RECV_MESSAGE,DONE,DEST:0
DEBUG (0): 9724141430314,CPU_STATE,CPU_ACTIVE
DEBUG (0): 9724141430414,CPU_STATE,CPU_POWER_DOWN
DEBUG (0): 9821791120624,CPU_STATE,CPU_ACTIVE
DEBUG (0): 9821791120824,CPU_STATE,CPU_ACTIVE
DEBUG (0): 9821791121024,CPU_STATE,CPU_POWER_DOWN
DEBUG (0): 9821862226466,RADIO_STATE,SEND_MESSAGE,ON,DEST:2,SIZE:35,DB:0
DEBUG (0): 9821876874818,RADIO_STATE,SEND_MESSAGE,OFF,DEST:2,SIZE:35
DEBUG (0): 9821878553375,CPU_STATE,CPU_ACTIVE
DEBUG (0): 9821878553475,CPU_STATE,CPU_POWER_DOWN
DEBUG (0): 9822319072444,RADIO_STATE,RECV_MESSAGE,DONE,DEST:0
DEBUG (0): 9822319072544,CPU_STATE,CPU_ACTIVE
DEBUG (0): 9822319072644,CPU_STATE,CPU_POWER_DOWN
DEBUG (0): 9919974714374,CPU_STATE,CPU_ACTIVE
DEBUG (0): 9919974714574,CPU_STATE,CPU_ACTIVE
DEBUG (0): 9919974714774,CPU_STATE,CPU_POWER_DOWN
DEBUG (0): 9920011793315,RADIO_STATE,SEND_MESSAGE,ON,DEST:2,SIZE:35,DB:0
DEBUG (0): 9920026441667,RADIO_STATE,SEND_MESSAGE,OFF,DEST:2,SIZE:35
DEBUG (0): 9920028120224,CPU_STATE,CPU_ACTIVE
DEBUG (0): 9920028120324,CPU_STATE,CPU_POWER_DOWN
DEBUG (0): 9920289654742,RADIO_STATE,RECV_MESSAGE,DONE,DEST:0
DEBUG (0): 9920289654842,CPU_STATE,CPU_ACTIVE
DEBUG (0): 9920289654942,CPU_STATE,CPU_POWER_DOWN
