A D/BAPBase////
A D/Blink////
A D/BlinkTask////
A D/Bombilla////
A D/ByteEEPROMTest////
A D/ChipconRSSI////
A D/Chirp////
A D/CntToLeds////
A D/CntToLedsAndRfm////
A D/CntToRfm////
A D/CountRadio////
A D/Diagnostic////
A D/DotId////
A D/DummyGSK////
A D/GSK////
A D/GenericBase////
A D/GlowLeds////
A D/GlowRadio////
A D/HighFrequencySampling////
A D/Ident////
A D/LittleGuySleep////
A D/MicaHWVerify////
A D/MicaSBVerify////
A D/MicaWBVerify////
A D/MoteAgent////
A D/NetprogDemo////
A D/Oscilloscope////
A D/OscilloscopeRF////
A D/Pong////
A D/PowerManagementDemo////
A D/ReverseUART////
A D/RfmToLeds////
A D/SecureTOSBase////
A D/Sense////
A D/SenseLightToLog////
A D/SenseLightToSounder////
A D/SenseTask////
A D/SenseToLeds////
A D/SenseToRfm////
A D/SimpleCmd////
A D/Social////
A D/Surge////
A D/SurgeTelos////
A D/TASKApp////
A D/TOSBase////
A D/TelosADC////
A D/TelosPWM////
A D/TestBAP////
A D/TestByteEEPROM////
A D/TestDeluge////
A D/TestDrip////
A D/TestDripDrain////
A D/TestEEPROM////
A D/TestI2CPot////
A D/TestLabApp////
A D/TestLogger////
A D/TestMSP430DMA////
A D/TestMatchbox////
A D/TestMig1////
A D/TestNewFlash////
A D/TestOmnisound////
A D/TestPC2420////
A D/TestPageEEPROM////
A D/TestRun////
A D/TestSchema////
A D/TestServiceSynchronization////
A D/TestSnooze////
A D/TestSounder////
A D/TestTemp////
A D/TestTimeStamping////
A D/TestTimeSync////
A D/TestTimer////
A D/TestTiming////
A D/TestTinyAlloc////
A D/TestTinySec////
A D/TestTinyViz////
A D/TestTofRanging////
A D/TestUart////
A D/TestUltrasound////
A D/TestWDT////
A D/TestWatchDog////
A D/TimeSyncDemo////
A D/TinyDBApp////
A D/TransparentBase////
A D/XGenericBase////
A D/Xnp////
A D/XnpBlink////
A D/XnpCount////
A D/XnpOscopeRF////
A D/XnpRfmToLeds////
A D/XnpService////
R D/XnpService////
R D/XnpBlink////
R D/Xnp////
R D/XGenericBase////
R D/TimeSyncDemo////
R D/TestWatchDog////
R D/TestUltrasound////
R D/TestTofRanging////
R D/TestTiming////
R D/TestTimer////
R D/TestTimeSync////
R D/TestTemp////
R D/TestSounder////
R D/TestServiceSynchronization////
R D/TestSchema////
R D/TestRun////
R D/TestPageEEPROM////
R D/TestOmnisound////
R D/TestMig1////
R D/TestMSP430DMA////
R D/TestLogger////
R D/TestLabApp////
R D/TestI2CPot////
R D/TestByteEEPROM////
R D/TestBAP////
R D/Social////
R D/SenseLightToSounder////
R D/PowerManagementDemo////
R D/NetprogDemo////
R D/MoteAgent////
R D/GSK////
R D/DummyGSK////
R D/DotId////
R D/Diagnostic////
R D/Chirp////
R D/ChipconRSSI////
R D/ByteEEPROMTest////
R D/BAPBase////
