A D/CameraBenchmark////
A D/CameraPointer////
A D/CameraTest////
A D/Config////
A D/MagTrackingAdversary////
A D/MagTrackingSensor////
A D/PhotoSensor////
A D/TickSensor////
A D/TimedLeds////
A D/commandInterpreter////
A D/common////
A D/count_neighborhood_client////
A D/count_neighborhood_server////
A D/count_routing_client////
A D/count_routing_server////
A D/flood_routing////
A D/localization////
A D/localizationTest////
A D/magsensor////
A D/magtracking_demo////
A D/neighborhood////
A D/ptzcamera////
A D/ranging////
A D/routing////
A D/scripts////
A D/tinysec////
A D/tools////
