A D/6lowpancli////
A D/AntiTheft////
A D/BaseStation////
A D/BaseStation15.4////
A D/BaseStationCC2420////
A D/Blink////
A D/BlinkAlarm////
A D/BlinkMSP430////
A D/BlinkTask////
A D/BlinkToRadio////
A D/IPBaseStation////
A D/MViz////
A D/MultihopOscilloscope////
A D/MultihopOscilloscopeLqi////
A D/Null////
A D/Oscilloscope////
A D/Powerup////
A D/RadioCountToLeds////
A D/RadioSenseToLeds////
A D/Sense////
A D/TCPEcho////
A D/Test////
A D/TestADC////
A D/TestArbiter////
A D/TestCC2420////
A D/TestRadio////
A D/TestSPI////
A D/TestScheduler////
A D/TestSchedulerTemp////
A D/TestSerial////
A D/UDPEcho////
A D/tests////
A D/tosthreads////
A D/tutorials////
R D/TestSerial////
R D/TestSchedulerTemp////
R D/TestScheduler////
R D/TestSPI////
R D/TestRadio////
R D/TestCC2420////
R D/TestArbiter////
R D/TestADC////
R D/Test////
R D/BlinkToRadio////
R D/BlinkTask////
R D/BlinkMSP430////
R D/BlinkAlarm////
R D/BaseStationCC2420////
R D/6lowpancli////
