A D/Camera////
A D/CommandComm////
A D/Config////
A D/ConfigStore////
A D/DiagMsg////
A D/GenericBase////
A D/LocalizationApp////
A D/PEGSensor////
A D/ServiceControl////
A D/System////
A D/TableSensor////
A D/TickSensor////
A D/TimeSyncMinidemo////
A D/TimedLeds////
A D/UltrasonicRanging////
A D/XnpCount////
A D/XnpService////
A D/common////
A D/croute////
A D/lmarkroute////
A D/localization////
A D/magsensor////
A D/math////
A D/matlab////
A D/neighborhood////
A D/ntest////
A D/objectTracking////
A D/plugins////
A D/position////
A D/ptzcamera////
A D/pursuer////
A D/ranging////
A D/routetest////
A D/routetest2////
A D/routetest2cmd////
A D/routing////
A D/scripts////
A D/testMag////
A D/testServiceControl////
A D/tools////
A D/vumica2////
A D/zzz_scratch////
R D/lmarkroute////
R D/ServiceControl////
