A D/Blink////
A D/SDCCTest////
A D/Test802154////
A D/Test802154Console////
A D/Test802154MacRadioOpLayer////
A D/TestAMChip////
A D/TestAMDuty////
A D/TestAMRange////
A D/TestAMRoundRobin////
A D/TestAccelerometer////
A D/TestConsole////
A D/TestDCF77Agreement////
A D/TestDCF77Chip////
A D/TestDCF77Clock////
A D/TestDCF77Hibernation////
A D/TestDCF77Scheduled////
A D/TestFreescale802154////
A D/TestFreescalePib////
A D/TestIeee802154Mac////
A D/TestIeee802154Phy////
A D/TestLightTemp////
A D/TestMacFrameMacro////
A D/TestNewTimers////
A D/TestRadioDriver////
A D/TestSMAC////
A D/TestSMACConsole////
A D/TestSwitch////
A D/TestTimer////
A D/TestTimerCorrelation////
A D/TestTosRadioStack////
A D/TestUart////
R D/TestFreescalePib////
