A D/BatteryTest////
A D/ChipconRSSI////
A D/CountRadio////
A D/DemoCrickets////
A D/Diagnostic////
A D/DotId////
A D/GlowLeds////
A D/GlowRadio////
A D/LandmarkRouting////
A D/MagOscope////
A D/MonibusSensorsToUSB////
A D/MonibusToRadio////
A D/MonibusToUSB////
A D/Monstro////
A D/MultiCharMonibus////
A D/MutationRouting////
A D/Pong////
A D/PowerManagementDemo////
A D/ReverseUART////
A D/RoboMote////
A D/SenseLightToSounder////
A D/SerialIDSend////
A D/Social////
A D/SurgeTelos////
A D/TelosADC////
A D/TelosDimmer////
A D/TelosPWM////
A D/TelosRSSI////
A D/TestDrip////
A D/TestEpidemic////
A D/TestI2CPot////
A D/TestLKW////
A D/TestLabApp////
A D/TestMig1////
A D/TestOmnisound////
A D/TestQASend////
A D/TestRandomMLCG////
A D/TestRun////
A D/TestServiceSynchronization////
A D/TestSonar////
A D/TestTaskSched////
A D/TestTemp////
A D/TestTimer////
A D/TestTiming////
A D/TestTofRanging////
A D/TestUltrasound////
A D/TestWatchDog////
R D/TestLKW////
R D/TestEpidemic////
R D/TestDrip////
R D/DemoCrickets////
