A D/AcousticLocalization////
A D/BufferedGenericBase////
A D/BuzzRecorder////
A D/BuzzerFreq////
A D/Compass////
A D/DistChirp////
A D/GenericBase////
A D/SoundRecorder////
A D/SyncedCRCGenericBase////
A D/TestAcousticRanging////
A D/TestBigMsg////
A D/TestClock////
A D/TestDiagMsg////
A D/TestPeaceKeeper////
A D/TestRadioCollision////
A D/TestRadioSuspend////
A D/TestRemoteControl////
A D/TestTimeSync////
A D/TestTimer////
A D/VoiceRecognition////
A D/VoltageApp////
R D/SyncedCRCGenericBase////
R D/BufferedGenericBase////
