A D/CountRadio////
A D/GGB////
A D/GlowLeds////
A D/GlowRadio////
A D/H2Options////
A D/Luxoft////
A D/MassProduction////
A D/MutationRouting////
A D/NLA////
A D/OSU////
A D/PEGSensor////
A D/Pong////
A D/ReverseUART////
A D/SP////
A D/SharedUSART////
A D/SlackerBufferMgmt////
A D/SurgeTelos////
A D/SystemC////
A D/TelosADC////
A D/TelosPWM////
A D/Timesync-NESL-UCLA////
A D/beihang////
A D/boomerang////
A D/bvr////
A D/calamari////
A D/cotsbots////
A D/diku////
A D/dot3radio////
A D/echelon////
A D/epfl////
A D/exscal////
A D/eyes////
A D/funneling-mac////
A D/get-demo////
A D/gmu////
A D/handhelds////
A D/harvard////
A D/hood////
A D/hsn////
A D/hsu////
A D/imote////
A D/imote2////
A D/kent////
A D/mate////
A D/minitasks////
A D/mit////
A D/mobiloc////
A D/momllib////
A D/moteiv////
A D/msu////
A D/nestfe////
A D/nucleus////
A D/prime////
A D/ptII////
A D/python////
A D/reasoning////
A D/rincon////
A D/rwth////
A D/s-mac////
A D/scp-mac////
A D/sensorIB////
A D/shockfish////
A D/t-mac////
A D/testbed////
A D/tinybt////
A D/tinydiff////
A D/tinygals////
A D/tinysec-route////
A D/tnodes////
A D/ucb////
A D/ucbRobo////
A D/ucbce////
A D/ucla////
A D/umass////
A D/usc-ifrc////
A D/ustutt////
A D/uva////
A D/vu////
A D/wustl////
A D/xbow////
R D/ucla////
R D/python////
R D/mit////
R D/get-demo////
R D/TelosPWM////
R D/TelosADC////
R D/SurgeTelos////
R D/ReverseUART////
R D/Pong////
R D/NLA////
R D/MutationRouting////
R D/GlowRadio////
R D/GlowLeds////
R D/CountRadio////
