A D/Attributes////
A D/Bombilla////
A D/Broadcast////
A D/CC2420Radio////
A D/Commands////
A D/Counters////
A D/Deluge////
A D/DiagMsg////
A D/Drain////
A D/Drip////
A D/Events////
A D/FS////
A D/Flash////
A D/HDLC////
A D/Hood////
A D/LedsIntensity////
A D/MintRoute////
A D/MultiHopLQI////
A D/OnOff////
A D/Oscope////
A D/PeaceKeeper////
A D/Queue////
A D/RamSymbols////
A D/Ranging////
A D/Registry////
A D/RegistryStore////
A D/Route////
A D/Rpc////
A D/TinyDB////
A D/TinySec////
A D/UltrasonicRanging////
A D/Util////
A D/VM////
A D/Xnp////
R D/UltrasonicRanging////
R D/HDLC////
R D/Bombilla////
